   0  $accept : %entry% $end

   1  main : program
   2       | EOF

   3  cur_position :

   4  body : cur_position LET equation_list TEL body_end

   5  body_end : cur_position
   6           | cur_position SEMICOLON

   7  clocked_var_decl : var_decl
   8                   | cur_position LEFTPAREN var_decl_list RIGHTPAREN WHEN IDENTIFIER

   9  const_decl : cur_position CONST constdecl_const_decl_one_const_decl7

  10  equation : cur_position ASSERT exp
  11           | left_part EQUALS exp
  12           | cur_position KINDCOMM IDENTIFIER COLON equation2_equation_exp11

  13  equation_list : equationlist_equation_list_equation13

  14  exp : cur_position INTEGER
  15      | cur_position REAL
  16      | cur_position IDENTIFIER
  17      | cur_position IDENTIFIER LEFTPAREN exp_list RIGHTPAREN
  18      | cur_position LEFTPAREN exp_list RIGHTPAREN
  19      | cur_position LEFTSQUARE exp_list RIGHTSQUARE
  20      | cur_position NOT exp
  21      | cur_position MINUS exp
  22      | cur_position PRE exp
  23      | cur_position CURRENT exp
  24      | exp ARROW exp
  25      | exp WHEN exp
  26      | exp OR exp
  27      | exp XOR exp
  28      | exp AND exp
  29      | exp IMPLIES exp
  30      | exp EQUALS exp
  31      | exp DIAMOND exp
  32      | exp LESSTHAN exp
  33      | exp GREATERTHAN exp
  34      | exp LTEQUALS exp
  35      | exp GTEQUALS exp
  36      | exp PLUS exp
  37      | exp MINUS exp
  38      | exp STAR exp
  39      | exp SLASH exp
  40      | exp DIV exp
  41      | exp MOD exp
  42      | exp UPCARAT exp
  43      | exp PIPE exp
  44      | exp LEFTSQUARE exp sel_sub RIGHTSQUARE
  45      | cur_position IF exp THEN exp ELSE exp
  46      | cur_position WITH exp THEN exp ELSE exp
  47      | cur_position POUND LEFTPAREN exp_list RIGHTPAREN

  48  exp_list : exp explist_exp_list_comma49

  49  func_decl : cur_position FUNCTION IDENTIFIER LEFTPAREN var_decl_list RIGHTPAREN RETURNS LEFTPAREN var_decl_list RIGHTPAREN

  50  id_list : cur_position IDENTIFIER varlist_id_list_comma52

  51  new_id_list : cur_position IDENTIFIER varlist_id_list_comma53

  52  in_param : clocked_var_decl
  53           | cur_position CONST var_decl

  54  in_param_list : in_param inparamlist_in_param_list_semicolon56

  55  include_list : includelist_include_list_linclude58

  56  left_elem : cur_position IDENTIFIER
  57            | struct_filter
  58            | tab_access

  59  left_elem_list : left_elem leftelemlist_left_elem_list_comma63

  60  left_part : left_elem_list
  61            | cur_position LEFTPAREN left_elem_list RIGHTPAREN

  62  linclude : cur_position INCLUDE STRINGLIT

  63  local_decl : cur_position VAR localdecl_local_decl_clocked_var_decl68

  64  ltype : cur_position IDENTIFIER
  65        | ltype UPCARAT exp
  66        | cur_position LEFTSQUARE type_list RIGHTSQUARE

  67  ltype_list : cur_position IDENTIFIER ltypelist_ltype_list_comma73

  68  lus_file : lusfile_lus_file_one_decl75

  69  node_decl : cur_position NODE IDENTIFIER LEFTPAREN in_param_list RIGHTPAREN RETURNS LEFTPAREN in_param_list RIGHTPAREN SEMICOLON nodedecl_node_decl_local_decl77 body

  70  one_const_decl : cur_position IDENTIFIER EQUALS exp
  71                 | id_list COLON IDENTIFIER

  72  one_decl : const_decl
  73           | type_decl
  74           | func_decl
  75           | node_decl

  76  one_type_decl : cur_position IDENTIFIER EQUALS ltype
  77                | ltype_list

  78  program : include_list lus_file

  79  sel_sub : selsub_sel_sub_dotdot88

  80  sel_subsub : selsubsub_sel_subsub_step90

  81  selector : cur_position LEFTSQUARE exp sel_sub RIGHTSQUARE

  82  struct_filter : cur_position LEFTSQUARE left_elem_list RIGHTSQUARE

  83  tab_access : cur_position IDENTIFIER selector
  84             | tab_access selector

  85  type_decl : cur_position TYPE typedecl_type_decl_one_type_decl96

  86  type_list : ltype typelist_type_list_comma98

  87  var_decl : new_id_list COLON ltype

  88  var_decl_list : var_decl vardecllist_var_decl_list_semicolon101

  89  vardecllist_var_decl_list_semicolon101 : cur_position
  90                                         | cur_position SEMICOLON var_decl vardecllist_var_decl_list_semicolon101

  91  typelist_type_list_comma98 : cur_position
  92                             | cur_position COMMA ltype typelist_type_list_comma98

  93  typedecl_type_decl_one_type_decl96 : one_type_decl SEMICOLON
  94                                     | one_type_decl SEMICOLON typedecl_type_decl_one_type_decl96

  95  selsubsub_sel_subsub_step90 : cur_position STEP exp
  96                              | cur_position

  97  selsub_sel_sub_dotdot88 : cur_position DOTDOT exp sel_subsub
  98                          | cur_position

  99  nodedecl_node_decl_local_decl77 : local_decl
 100                                  | cur_position

 101  lusfile_lus_file_one_decl75 : cur_position
 102                              | one_decl lusfile_lus_file_one_decl75

 103  ltypelist_ltype_list_comma73 : cur_position
 104                               | cur_position COMMA IDENTIFIER ltypelist_ltype_list_comma73

 105  localdecl_local_decl_clocked_var_decl68 : clocked_var_decl SEMICOLON
 106                                          | clocked_var_decl SEMICOLON localdecl_local_decl_clocked_var_decl68

 107  leftelemlist_left_elem_list_comma63 : cur_position
 108                                      | cur_position COMMA left_elem leftelemlist_left_elem_list_comma63

 109  includelist_include_list_linclude58 : cur_position
 110                                      | linclude includelist_include_list_linclude58

 111  inparamlist_in_param_list_semicolon56 : cur_position
 112                                        | cur_position SEMICOLON in_param inparamlist_in_param_list_semicolon56

 113  varlist_id_list_comma52 : cur_position
 114                          | cur_position COMMA IDENTIFIER varlist_id_list_comma52

 115  varlist_id_list_comma53 : cur_position
 116                          | cur_position COMMA IDENTIFIER varlist_id_list_comma53

 117  explist_exp_list_comma49 : cur_position
 118                           | cur_position COMMA exp explist_exp_list_comma49

 119  equationlist_equation_list_equation13 : equation SEMICOLON
 120                                        | equation SEMICOLON equationlist_equation_list_equation13

 121  equation2_equation_exp11 : exp
 122                           | cur_position

 123  constdecl_const_decl_one_const_decl7 : one_const_decl SEMICOLON
 124                                       | one_const_decl SEMICOLON constdecl_const_decl_one_const_decl7

 125  %entry% : '\001' main

state 0
	$accept : . %entry% $end  (0)

	'\001'  shift 1
	.  error

	%entry%  goto 2


state 1
	%entry% : '\001' . main  (125)
	cur_position : .  (3)

	EOF  shift 3
	$end  reduce 3
	CONST  reduce 3
	FUNCTION  reduce 3
	INCLUDE  reduce 3
	NODE  reduce 3
	TYPE  reduce 3

	main  goto 4
	include_list  goto 5
	includelist_include_list_linclude58  goto 6
	linclude  goto 7
	program  goto 8
	cur_position  goto 9


state 2
	$accept : %entry% . $end  (0)

	$end  accept


state 3
	main : EOF .  (2)

	.  reduce 2


state 4
	%entry% : '\001' main .  (125)

	.  reduce 125


state 5
	program : include_list . lus_file  (78)
	cur_position : .  (3)

	.  reduce 3

	const_decl  goto 10
	func_decl  goto 11
	lus_file  goto 12
	lusfile_lus_file_one_decl75  goto 13
	node_decl  goto 14
	one_decl  goto 15
	type_decl  goto 16
	cur_position  goto 17


state 6
	include_list : includelist_include_list_linclude58 .  (55)

	.  reduce 55


state 7
	includelist_include_list_linclude58 : linclude . includelist_include_list_linclude58  (110)
	cur_position : .  (3)

	.  reduce 3

	includelist_include_list_linclude58  goto 18
	linclude  goto 7
	cur_position  goto 9


state 8
	main : program .  (1)

	.  reduce 1


state 9
	linclude : cur_position . INCLUDE STRINGLIT  (62)
	includelist_include_list_linclude58 : cur_position .  (109)

	INCLUDE  shift 19
	$end  reduce 109
	CONST  reduce 109
	FUNCTION  reduce 109
	NODE  reduce 109
	TYPE  reduce 109


state 10
	one_decl : const_decl .  (72)

	.  reduce 72


state 11
	one_decl : func_decl .  (74)

	.  reduce 74


state 12
	program : include_list lus_file .  (78)

	.  reduce 78


state 13
	lus_file : lusfile_lus_file_one_decl75 .  (68)

	.  reduce 68


state 14
	one_decl : node_decl .  (75)

	.  reduce 75


state 15
	lusfile_lus_file_one_decl75 : one_decl . lusfile_lus_file_one_decl75  (102)
	cur_position : .  (3)

	.  reduce 3

	const_decl  goto 10
	func_decl  goto 11
	lusfile_lus_file_one_decl75  goto 20
	node_decl  goto 14
	one_decl  goto 15
	type_decl  goto 16
	cur_position  goto 17


state 16
	one_decl : type_decl .  (73)

	.  reduce 73


state 17
	const_decl : cur_position . CONST constdecl_const_decl_one_const_decl7  (9)
	func_decl : cur_position . FUNCTION IDENTIFIER LEFTPAREN var_decl_list RIGHTPAREN RETURNS LEFTPAREN var_decl_list RIGHTPAREN  (49)
	node_decl : cur_position . NODE IDENTIFIER LEFTPAREN in_param_list RIGHTPAREN RETURNS LEFTPAREN in_param_list RIGHTPAREN SEMICOLON nodedecl_node_decl_local_decl77 body  (69)
	type_decl : cur_position . TYPE typedecl_type_decl_one_type_decl96  (85)
	lusfile_lus_file_one_decl75 : cur_position .  (101)

	CONST  shift 21
	FUNCTION  shift 22
	NODE  shift 23
	TYPE  shift 24
	$end  reduce 101


state 18
	includelist_include_list_linclude58 : linclude includelist_include_list_linclude58 .  (110)

	.  reduce 110


state 19
	linclude : cur_position INCLUDE . STRINGLIT  (62)

	STRINGLIT  shift 25
	.  error


state 20
	lusfile_lus_file_one_decl75 : one_decl lusfile_lus_file_one_decl75 .  (102)

	.  reduce 102


state 21
	const_decl : cur_position CONST . constdecl_const_decl_one_const_decl7  (9)
	cur_position : .  (3)

	.  reduce 3

	constdecl_const_decl_one_const_decl7  goto 26
	id_list  goto 27
	one_const_decl  goto 28
	cur_position  goto 29


state 22
	func_decl : cur_position FUNCTION . IDENTIFIER LEFTPAREN var_decl_list RIGHTPAREN RETURNS LEFTPAREN var_decl_list RIGHTPAREN  (49)

	IDENTIFIER  shift 30
	.  error


state 23
	node_decl : cur_position NODE . IDENTIFIER LEFTPAREN in_param_list RIGHTPAREN RETURNS LEFTPAREN in_param_list RIGHTPAREN SEMICOLON nodedecl_node_decl_local_decl77 body  (69)

	IDENTIFIER  shift 31
	.  error


state 24
	type_decl : cur_position TYPE . typedecl_type_decl_one_type_decl96  (85)
	cur_position : .  (3)

	.  reduce 3

	ltype_list  goto 32
	one_type_decl  goto 33
	typedecl_type_decl_one_type_decl96  goto 34
	cur_position  goto 35


state 25
	linclude : cur_position INCLUDE STRINGLIT .  (62)

	.  reduce 62


state 26
	const_decl : cur_position CONST constdecl_const_decl_one_const_decl7 .  (9)

	.  reduce 9


state 27
	one_const_decl : id_list . COLON IDENTIFIER  (71)

	COLON  shift 36
	.  error


state 28
	constdecl_const_decl_one_const_decl7 : one_const_decl . SEMICOLON  (123)
	constdecl_const_decl_one_const_decl7 : one_const_decl . SEMICOLON constdecl_const_decl_one_const_decl7  (124)

	SEMICOLON  shift 37
	.  error


state 29
	id_list : cur_position . IDENTIFIER varlist_id_list_comma52  (50)
	one_const_decl : cur_position . IDENTIFIER EQUALS exp  (70)

	IDENTIFIER  shift 38
	.  error


state 30
	func_decl : cur_position FUNCTION IDENTIFIER . LEFTPAREN var_decl_list RIGHTPAREN RETURNS LEFTPAREN var_decl_list RIGHTPAREN  (49)

	LEFTPAREN  shift 39
	.  error


state 31
	node_decl : cur_position NODE IDENTIFIER . LEFTPAREN in_param_list RIGHTPAREN RETURNS LEFTPAREN in_param_list RIGHTPAREN SEMICOLON nodedecl_node_decl_local_decl77 body  (69)

	LEFTPAREN  shift 40
	.  error


state 32
	one_type_decl : ltype_list .  (77)

	.  reduce 77


state 33
	typedecl_type_decl_one_type_decl96 : one_type_decl . SEMICOLON  (93)
	typedecl_type_decl_one_type_decl96 : one_type_decl . SEMICOLON typedecl_type_decl_one_type_decl96  (94)

	SEMICOLON  shift 41
	.  error


state 34
	type_decl : cur_position TYPE typedecl_type_decl_one_type_decl96 .  (85)

	.  reduce 85


state 35
	ltype_list : cur_position . IDENTIFIER ltypelist_ltype_list_comma73  (67)
	one_type_decl : cur_position . IDENTIFIER EQUALS ltype  (76)

	IDENTIFIER  shift 42
	.  error


state 36
	one_const_decl : id_list COLON . IDENTIFIER  (71)

	IDENTIFIER  shift 43
	.  error


state 37
	constdecl_const_decl_one_const_decl7 : one_const_decl SEMICOLON .  (123)
	constdecl_const_decl_one_const_decl7 : one_const_decl SEMICOLON . constdecl_const_decl_one_const_decl7  (124)
	cur_position : .  (3)

	$end  reduce 123
	CONST  reduce 123
	FUNCTION  reduce 123
	NODE  reduce 123
	TYPE  reduce 123
	IDENTIFIER  reduce 3

	constdecl_const_decl_one_const_decl7  goto 44
	id_list  goto 27
	one_const_decl  goto 28
	cur_position  goto 29


state 38
	id_list : cur_position IDENTIFIER . varlist_id_list_comma52  (50)
	one_const_decl : cur_position IDENTIFIER . EQUALS exp  (70)
	cur_position : .  (3)

	EQUALS  shift 45
	COLON  reduce 3
	COMMA  reduce 3

	varlist_id_list_comma52  goto 46
	cur_position  goto 47


state 39
	func_decl : cur_position FUNCTION IDENTIFIER LEFTPAREN . var_decl_list RIGHTPAREN RETURNS LEFTPAREN var_decl_list RIGHTPAREN  (49)
	cur_position : .  (3)

	.  reduce 3

	var_decl  goto 48
	var_decl_list  goto 49
	cur_position  goto 50
	new_id_list  goto 51


state 40
	node_decl : cur_position NODE IDENTIFIER LEFTPAREN . in_param_list RIGHTPAREN RETURNS LEFTPAREN in_param_list RIGHTPAREN SEMICOLON nodedecl_node_decl_local_decl77 body  (69)
	cur_position : .  (3)

	.  reduce 3

	clocked_var_decl  goto 52
	in_param  goto 53
	in_param_list  goto 54
	var_decl  goto 55
	cur_position  goto 56
	new_id_list  goto 51


state 41
	typedecl_type_decl_one_type_decl96 : one_type_decl SEMICOLON .  (93)
	typedecl_type_decl_one_type_decl96 : one_type_decl SEMICOLON . typedecl_type_decl_one_type_decl96  (94)
	cur_position : .  (3)

	$end  reduce 93
	CONST  reduce 93
	FUNCTION  reduce 93
	NODE  reduce 93
	TYPE  reduce 93
	IDENTIFIER  reduce 3

	ltype_list  goto 32
	one_type_decl  goto 33
	typedecl_type_decl_one_type_decl96  goto 57
	cur_position  goto 35


state 42
	ltype_list : cur_position IDENTIFIER . ltypelist_ltype_list_comma73  (67)
	one_type_decl : cur_position IDENTIFIER . EQUALS ltype  (76)
	cur_position : .  (3)

	EQUALS  shift 58
	COMMA  reduce 3
	SEMICOLON  reduce 3

	ltypelist_ltype_list_comma73  goto 59
	cur_position  goto 60


state 43
	one_const_decl : id_list COLON IDENTIFIER .  (71)

	.  reduce 71


state 44
	constdecl_const_decl_one_const_decl7 : one_const_decl SEMICOLON constdecl_const_decl_one_const_decl7 .  (124)

	.  reduce 124


state 45
	one_const_decl : cur_position IDENTIFIER EQUALS . exp  (70)
	cur_position : .  (3)

	.  reduce 3

	exp  goto 61
	cur_position  goto 62


state 46
	id_list : cur_position IDENTIFIER varlist_id_list_comma52 .  (50)

	.  reduce 50


state 47
	varlist_id_list_comma52 : cur_position .  (113)
	varlist_id_list_comma52 : cur_position . COMMA IDENTIFIER varlist_id_list_comma52  (114)

	COMMA  shift 63
	COLON  reduce 113


state 48
	var_decl_list : var_decl . vardecllist_var_decl_list_semicolon101  (88)
	cur_position : .  (3)

	.  reduce 3

	vardecllist_var_decl_list_semicolon101  goto 64
	cur_position  goto 65


state 49
	func_decl : cur_position FUNCTION IDENTIFIER LEFTPAREN var_decl_list . RIGHTPAREN RETURNS LEFTPAREN var_decl_list RIGHTPAREN  (49)

	RIGHTPAREN  shift 66
	.  error


state 50
	new_id_list : cur_position . IDENTIFIER varlist_id_list_comma53  (51)

	IDENTIFIER  shift 67
	.  error


state 51
	var_decl : new_id_list . COLON ltype  (87)

	COLON  shift 68
	.  error


state 52
	in_param : clocked_var_decl .  (52)

	.  reduce 52


state 53
	in_param_list : in_param . inparamlist_in_param_list_semicolon56  (54)
	cur_position : .  (3)

	.  reduce 3

	inparamlist_in_param_list_semicolon56  goto 69
	cur_position  goto 70


state 54
	node_decl : cur_position NODE IDENTIFIER LEFTPAREN in_param_list . RIGHTPAREN RETURNS LEFTPAREN in_param_list RIGHTPAREN SEMICOLON nodedecl_node_decl_local_decl77 body  (69)

	RIGHTPAREN  shift 71
	.  error


state 55
	clocked_var_decl : var_decl .  (7)

	.  reduce 7


state 56
	clocked_var_decl : cur_position . LEFTPAREN var_decl_list RIGHTPAREN WHEN IDENTIFIER  (8)
	new_id_list : cur_position . IDENTIFIER varlist_id_list_comma53  (51)
	in_param : cur_position . CONST var_decl  (53)

	CONST  shift 72
	LEFTPAREN  shift 73
	IDENTIFIER  shift 67
	.  error


state 57
	typedecl_type_decl_one_type_decl96 : one_type_decl SEMICOLON typedecl_type_decl_one_type_decl96 .  (94)

	.  reduce 94


state 58
	one_type_decl : cur_position IDENTIFIER EQUALS . ltype  (76)
	cur_position : .  (3)

	.  reduce 3

	ltype  goto 74
	cur_position  goto 75


state 59
	ltype_list : cur_position IDENTIFIER ltypelist_ltype_list_comma73 .  (67)

	.  reduce 67


state 60
	ltypelist_ltype_list_comma73 : cur_position .  (103)
	ltypelist_ltype_list_comma73 : cur_position . COMMA IDENTIFIER ltypelist_ltype_list_comma73  (104)

	COMMA  shift 76
	SEMICOLON  reduce 103


state 61
	exp : exp . ARROW exp  (24)
	exp : exp . WHEN exp  (25)
	exp : exp . OR exp  (26)
	exp : exp . XOR exp  (27)
	exp : exp . AND exp  (28)
	exp : exp . IMPLIES exp  (29)
	exp : exp . EQUALS exp  (30)
	exp : exp . DIAMOND exp  (31)
	exp : exp . LESSTHAN exp  (32)
	exp : exp . GREATERTHAN exp  (33)
	exp : exp . LTEQUALS exp  (34)
	exp : exp . GTEQUALS exp  (35)
	exp : exp . PLUS exp  (36)
	exp : exp . MINUS exp  (37)
	exp : exp . STAR exp  (38)
	exp : exp . SLASH exp  (39)
	exp : exp . DIV exp  (40)
	exp : exp . MOD exp  (41)
	exp : exp . UPCARAT exp  (42)
	exp : exp . PIPE exp  (43)
	exp : exp . LEFTSQUARE exp sel_sub RIGHTSQUARE  (44)
	one_const_decl : cur_position IDENTIFIER EQUALS exp .  (70)

	AND  shift 77
	ARROW  shift 78
	DIAMOND  shift 79
	DIV  shift 80
	EQUALS  shift 81
	GREATERTHAN  shift 82
	GTEQUALS  shift 83
	IMPLIES  shift 84
	LEFTSQUARE  shift 85
	LESSTHAN  shift 86
	LTEQUALS  shift 87
	MINUS  shift 88
	MOD  shift 89
	OR  shift 90
	PIPE  shift 91
	PLUS  shift 92
	SLASH  shift 93
	STAR  shift 94
	UPCARAT  shift 95
	WHEN  shift 96
	XOR  shift 97
	SEMICOLON  reduce 70


state 62
	exp : cur_position . INTEGER  (14)
	exp : cur_position . REAL  (15)
	exp : cur_position . IDENTIFIER  (16)
	exp : cur_position . IDENTIFIER LEFTPAREN exp_list RIGHTPAREN  (17)
	exp : cur_position . LEFTPAREN exp_list RIGHTPAREN  (18)
	exp : cur_position . LEFTSQUARE exp_list RIGHTSQUARE  (19)
	exp : cur_position . NOT exp  (20)
	exp : cur_position . MINUS exp  (21)
	exp : cur_position . PRE exp  (22)
	exp : cur_position . CURRENT exp  (23)
	exp : cur_position . IF exp THEN exp ELSE exp  (45)
	exp : cur_position . WITH exp THEN exp ELSE exp  (46)
	exp : cur_position . POUND LEFTPAREN exp_list RIGHTPAREN  (47)

	CURRENT  shift 98
	IF  shift 99
	LEFTPAREN  shift 100
	LEFTSQUARE  shift 101
	MINUS  shift 102
	NOT  shift 103
	POUND  shift 104
	PRE  shift 105
	WITH  shift 106
	IDENTIFIER  shift 107
	INTEGER  shift 108
	REAL  shift 109
	.  error


state 63
	varlist_id_list_comma52 : cur_position COMMA . IDENTIFIER varlist_id_list_comma52  (114)

	IDENTIFIER  shift 110
	.  error


state 64
	var_decl_list : var_decl vardecllist_var_decl_list_semicolon101 .  (88)

	.  reduce 88


state 65
	vardecllist_var_decl_list_semicolon101 : cur_position .  (89)
	vardecllist_var_decl_list_semicolon101 : cur_position . SEMICOLON var_decl vardecllist_var_decl_list_semicolon101  (90)

	SEMICOLON  shift 111
	RIGHTPAREN  reduce 89


state 66
	func_decl : cur_position FUNCTION IDENTIFIER LEFTPAREN var_decl_list RIGHTPAREN . RETURNS LEFTPAREN var_decl_list RIGHTPAREN  (49)

	RETURNS  shift 112
	.  error


state 67
	new_id_list : cur_position IDENTIFIER . varlist_id_list_comma53  (51)
	cur_position : .  (3)

	.  reduce 3

	cur_position  goto 113
	varlist_id_list_comma53  goto 114


state 68
	var_decl : new_id_list COLON . ltype  (87)
	cur_position : .  (3)

	.  reduce 3

	ltype  goto 115
	cur_position  goto 75


state 69
	in_param_list : in_param inparamlist_in_param_list_semicolon56 .  (54)

	.  reduce 54


state 70
	inparamlist_in_param_list_semicolon56 : cur_position .  (111)
	inparamlist_in_param_list_semicolon56 : cur_position . SEMICOLON in_param inparamlist_in_param_list_semicolon56  (112)

	SEMICOLON  shift 116
	RIGHTPAREN  reduce 111


state 71
	node_decl : cur_position NODE IDENTIFIER LEFTPAREN in_param_list RIGHTPAREN . RETURNS LEFTPAREN in_param_list RIGHTPAREN SEMICOLON nodedecl_node_decl_local_decl77 body  (69)

	RETURNS  shift 117
	.  error


state 72
	in_param : cur_position CONST . var_decl  (53)
	cur_position : .  (3)

	.  reduce 3

	var_decl  goto 118
	cur_position  goto 50
	new_id_list  goto 51


state 73
	clocked_var_decl : cur_position LEFTPAREN . var_decl_list RIGHTPAREN WHEN IDENTIFIER  (8)
	cur_position : .  (3)

	.  reduce 3

	var_decl  goto 48
	var_decl_list  goto 119
	cur_position  goto 50
	new_id_list  goto 51


state 74
	ltype : ltype . UPCARAT exp  (65)
	one_type_decl : cur_position IDENTIFIER EQUALS ltype .  (76)

	UPCARAT  shift 120
	SEMICOLON  reduce 76


state 75
	ltype : cur_position . IDENTIFIER  (64)
	ltype : cur_position . LEFTSQUARE type_list RIGHTSQUARE  (66)

	LEFTSQUARE  shift 121
	IDENTIFIER  shift 122
	.  error


state 76
	ltypelist_ltype_list_comma73 : cur_position COMMA . IDENTIFIER ltypelist_ltype_list_comma73  (104)

	IDENTIFIER  shift 123
	.  error


state 77
	exp : exp AND . exp  (28)
	cur_position : .  (3)

	.  reduce 3

	exp  goto 124
	cur_position  goto 62


state 78
	exp : exp ARROW . exp  (24)
	cur_position : .  (3)

	.  reduce 3

	exp  goto 125
	cur_position  goto 62


state 79
	exp : exp DIAMOND . exp  (31)
	cur_position : .  (3)

	.  reduce 3

	exp  goto 126
	cur_position  goto 62


state 80
	exp : exp DIV . exp  (40)
	cur_position : .  (3)

	.  reduce 3

	exp  goto 127
	cur_position  goto 62


state 81
	exp : exp EQUALS . exp  (30)
	cur_position : .  (3)

	.  reduce 3

	exp  goto 128
	cur_position  goto 62


state 82
	exp : exp GREATERTHAN . exp  (33)
	cur_position : .  (3)

	.  reduce 3

	exp  goto 129
	cur_position  goto 62


state 83
	exp : exp GTEQUALS . exp  (35)
	cur_position : .  (3)

	.  reduce 3

	exp  goto 130
	cur_position  goto 62


state 84
	exp : exp IMPLIES . exp  (29)
	cur_position : .  (3)

	.  reduce 3

	exp  goto 131
	cur_position  goto 62


state 85
	exp : exp LEFTSQUARE . exp sel_sub RIGHTSQUARE  (44)
	cur_position : .  (3)

	.  reduce 3

	exp  goto 132
	cur_position  goto 62


state 86
	exp : exp LESSTHAN . exp  (32)
	cur_position : .  (3)

	.  reduce 3

	exp  goto 133
	cur_position  goto 62


state 87
	exp : exp LTEQUALS . exp  (34)
	cur_position : .  (3)

	.  reduce 3

	exp  goto 134
	cur_position  goto 62


state 88
	exp : exp MINUS . exp  (37)
	cur_position : .  (3)

	.  reduce 3

	exp  goto 135
	cur_position  goto 62


state 89
	exp : exp MOD . exp  (41)
	cur_position : .  (3)

	.  reduce 3

	exp  goto 136
	cur_position  goto 62


state 90
	exp : exp OR . exp  (26)
	cur_position : .  (3)

	.  reduce 3

	exp  goto 137
	cur_position  goto 62


state 91
	exp : exp PIPE . exp  (43)
	cur_position : .  (3)

	.  reduce 3

	exp  goto 138
	cur_position  goto 62


state 92
	exp : exp PLUS . exp  (36)
	cur_position : .  (3)

	.  reduce 3

	exp  goto 139
	cur_position  goto 62


state 93
	exp : exp SLASH . exp  (39)
	cur_position : .  (3)

	.  reduce 3

	exp  goto 140
	cur_position  goto 62


state 94
	exp : exp STAR . exp  (38)
	cur_position : .  (3)

	.  reduce 3

	exp  goto 141
	cur_position  goto 62


state 95
	exp : exp UPCARAT . exp  (42)
	cur_position : .  (3)

	.  reduce 3

	exp  goto 142
	cur_position  goto 62


state 96
	exp : exp WHEN . exp  (25)
	cur_position : .  (3)

	.  reduce 3

	exp  goto 143
	cur_position  goto 62


state 97
	exp : exp XOR . exp  (27)
	cur_position : .  (3)

	.  reduce 3

	exp  goto 144
	cur_position  goto 62


state 98
	exp : cur_position CURRENT . exp  (23)
	cur_position : .  (3)

	.  reduce 3

	exp  goto 145
	cur_position  goto 62


state 99
	exp : cur_position IF . exp THEN exp ELSE exp  (45)
	cur_position : .  (3)

	.  reduce 3

	exp  goto 146
	cur_position  goto 62


state 100
	exp : cur_position LEFTPAREN . exp_list RIGHTPAREN  (18)
	cur_position : .  (3)

	.  reduce 3

	exp  goto 147
	exp_list  goto 148
	cur_position  goto 62


state 101
	exp : cur_position LEFTSQUARE . exp_list RIGHTSQUARE  (19)
	cur_position : .  (3)

	.  reduce 3

	exp  goto 147
	exp_list  goto 149
	cur_position  goto 62


state 102
	exp : cur_position MINUS . exp  (21)
	cur_position : .  (3)

	.  reduce 3

	exp  goto 150
	cur_position  goto 62


state 103
	exp : cur_position NOT . exp  (20)
	cur_position : .  (3)

	.  reduce 3

	exp  goto 151
	cur_position  goto 62


state 104
	exp : cur_position POUND . LEFTPAREN exp_list RIGHTPAREN  (47)

	LEFTPAREN  shift 152
	.  error


state 105
	exp : cur_position PRE . exp  (22)
	cur_position : .  (3)

	.  reduce 3

	exp  goto 153
	cur_position  goto 62


state 106
	exp : cur_position WITH . exp THEN exp ELSE exp  (46)
	cur_position : .  (3)

	.  reduce 3

	exp  goto 154
	cur_position  goto 62


state 107
	exp : cur_position IDENTIFIER .  (16)
	exp : cur_position IDENTIFIER . LEFTPAREN exp_list RIGHTPAREN  (17)

	LEFTPAREN  shift 155
	AND  reduce 16
	ARROW  reduce 16
	COMMA  reduce 16
	DIAMOND  reduce 16
	DIV  reduce 16
	DOTDOT  reduce 16
	ELSE  reduce 16
	EQUALS  reduce 16
	GREATERTHAN  reduce 16
	GTEQUALS  reduce 16
	IMPLIES  reduce 16
	LEFTSQUARE  reduce 16
	LESSTHAN  reduce 16
	LTEQUALS  reduce 16
	MINUS  reduce 16
	MOD  reduce 16
	OR  reduce 16
	PIPE  reduce 16
	PLUS  reduce 16
	RIGHTPAREN  reduce 16
	RIGHTSQUARE  reduce 16
	SEMICOLON  reduce 16
	SLASH  reduce 16
	STAR  reduce 16
	STEP  reduce 16
	THEN  reduce 16
	UPCARAT  reduce 16
	WHEN  reduce 16
	XOR  reduce 16


state 108
	exp : cur_position INTEGER .  (14)

	.  reduce 14


state 109
	exp : cur_position REAL .  (15)

	.  reduce 15


state 110
	varlist_id_list_comma52 : cur_position COMMA IDENTIFIER . varlist_id_list_comma52  (114)
	cur_position : .  (3)

	.  reduce 3

	varlist_id_list_comma52  goto 156
	cur_position  goto 47


state 111
	vardecllist_var_decl_list_semicolon101 : cur_position SEMICOLON . var_decl vardecllist_var_decl_list_semicolon101  (90)
	cur_position : .  (3)

	.  reduce 3

	var_decl  goto 157
	cur_position  goto 50
	new_id_list  goto 51


state 112
	func_decl : cur_position FUNCTION IDENTIFIER LEFTPAREN var_decl_list RIGHTPAREN RETURNS . LEFTPAREN var_decl_list RIGHTPAREN  (49)

	LEFTPAREN  shift 158
	.  error


state 113
	varlist_id_list_comma53 : cur_position .  (115)
	varlist_id_list_comma53 : cur_position . COMMA IDENTIFIER varlist_id_list_comma53  (116)

	COMMA  shift 159
	COLON  reduce 115


state 114
	new_id_list : cur_position IDENTIFIER varlist_id_list_comma53 .  (51)

	.  reduce 51


state 115
	ltype : ltype . UPCARAT exp  (65)
	var_decl : new_id_list COLON ltype .  (87)

	UPCARAT  shift 120
	RIGHTPAREN  reduce 87
	SEMICOLON  reduce 87


state 116
	inparamlist_in_param_list_semicolon56 : cur_position SEMICOLON . in_param inparamlist_in_param_list_semicolon56  (112)
	cur_position : .  (3)

	.  reduce 3

	clocked_var_decl  goto 52
	in_param  goto 160
	var_decl  goto 55
	cur_position  goto 56
	new_id_list  goto 51


state 117
	node_decl : cur_position NODE IDENTIFIER LEFTPAREN in_param_list RIGHTPAREN RETURNS . LEFTPAREN in_param_list RIGHTPAREN SEMICOLON nodedecl_node_decl_local_decl77 body  (69)

	LEFTPAREN  shift 161
	.  error


state 118
	in_param : cur_position CONST var_decl .  (53)

	.  reduce 53


state 119
	clocked_var_decl : cur_position LEFTPAREN var_decl_list . RIGHTPAREN WHEN IDENTIFIER  (8)

	RIGHTPAREN  shift 162
	.  error


state 120
	ltype : ltype UPCARAT . exp  (65)
	cur_position : .  (3)

	.  reduce 3

	exp  goto 163
	cur_position  goto 62


state 121
	ltype : cur_position LEFTSQUARE . type_list RIGHTSQUARE  (66)
	cur_position : .  (3)

	.  reduce 3

	ltype  goto 164
	type_list  goto 165
	cur_position  goto 75


state 122
	ltype : cur_position IDENTIFIER .  (64)

	.  reduce 64


state 123
	ltypelist_ltype_list_comma73 : cur_position COMMA IDENTIFIER . ltypelist_ltype_list_comma73  (104)
	cur_position : .  (3)

	.  reduce 3

	ltypelist_ltype_list_comma73  goto 166
	cur_position  goto 60


state 124
	exp : exp . ARROW exp  (24)
	exp : exp . WHEN exp  (25)
	exp : exp . OR exp  (26)
	exp : exp . XOR exp  (27)
	exp : exp . AND exp  (28)
	exp : exp AND exp .  (28)
	exp : exp . IMPLIES exp  (29)
	exp : exp . EQUALS exp  (30)
	exp : exp . DIAMOND exp  (31)
	exp : exp . LESSTHAN exp  (32)
	exp : exp . GREATERTHAN exp  (33)
	exp : exp . LTEQUALS exp  (34)
	exp : exp . GTEQUALS exp  (35)
	exp : exp . PLUS exp  (36)
	exp : exp . MINUS exp  (37)
	exp : exp . STAR exp  (38)
	exp : exp . SLASH exp  (39)
	exp : exp . DIV exp  (40)
	exp : exp . MOD exp  (41)
	exp : exp . UPCARAT exp  (42)
	exp : exp . PIPE exp  (43)
	exp : exp . LEFTSQUARE exp sel_sub RIGHTSQUARE  (44)

	ARROW  shift 78
	DIAMOND  shift 79
	DIV  shift 80
	EQUALS  shift 81
	GREATERTHAN  shift 82
	GTEQUALS  shift 83
	LESSTHAN  shift 86
	LTEQUALS  shift 87
	MINUS  shift 88
	MOD  shift 89
	PIPE  shift 91
	PLUS  shift 92
	SLASH  shift 93
	STAR  shift 94
	AND  reduce 28
	COMMA  reduce 28
	DOTDOT  reduce 28
	ELSE  reduce 28
	IMPLIES  reduce 28
	LEFTSQUARE  reduce 28
	OR  reduce 28
	RIGHTPAREN  reduce 28
	RIGHTSQUARE  reduce 28
	SEMICOLON  reduce 28
	STEP  reduce 28
	THEN  reduce 28
	UPCARAT  reduce 28
	WHEN  reduce 28
	XOR  reduce 28


state 125
	exp : exp . ARROW exp  (24)
	exp : exp ARROW exp .  (24)
	exp : exp . WHEN exp  (25)
	exp : exp . OR exp  (26)
	exp : exp . XOR exp  (27)
	exp : exp . AND exp  (28)
	exp : exp . IMPLIES exp  (29)
	exp : exp . EQUALS exp  (30)
	exp : exp . DIAMOND exp  (31)
	exp : exp . LESSTHAN exp  (32)
	exp : exp . GREATERTHAN exp  (33)
	exp : exp . LTEQUALS exp  (34)
	exp : exp . GTEQUALS exp  (35)
	exp : exp . PLUS exp  (36)
	exp : exp . MINUS exp  (37)
	exp : exp . STAR exp  (38)
	exp : exp . SLASH exp  (39)
	exp : exp . DIV exp  (40)
	exp : exp . MOD exp  (41)
	exp : exp . UPCARAT exp  (42)
	exp : exp . PIPE exp  (43)
	exp : exp . LEFTSQUARE exp sel_sub RIGHTSQUARE  (44)

	.  reduce 24


state 126
	exp : exp . ARROW exp  (24)
	exp : exp . WHEN exp  (25)
	exp : exp . OR exp  (26)
	exp : exp . XOR exp  (27)
	exp : exp . AND exp  (28)
	exp : exp . IMPLIES exp  (29)
	exp : exp . EQUALS exp  (30)
	exp : exp . DIAMOND exp  (31)
	exp : exp DIAMOND exp .  (31)
	exp : exp . LESSTHAN exp  (32)
	exp : exp . GREATERTHAN exp  (33)
	exp : exp . LTEQUALS exp  (34)
	exp : exp . GTEQUALS exp  (35)
	exp : exp . PLUS exp  (36)
	exp : exp . MINUS exp  (37)
	exp : exp . STAR exp  (38)
	exp : exp . SLASH exp  (39)
	exp : exp . DIV exp  (40)
	exp : exp . MOD exp  (41)
	exp : exp . UPCARAT exp  (42)
	exp : exp . PIPE exp  (43)
	exp : exp . LEFTSQUARE exp sel_sub RIGHTSQUARE  (44)

	ARROW  shift 78
	DIV  shift 80
	GREATERTHAN  shift 82
	GTEQUALS  shift 83
	LESSTHAN  shift 86
	LTEQUALS  shift 87
	MINUS  shift 88
	MOD  shift 89
	PIPE  shift 91
	PLUS  shift 92
	SLASH  shift 93
	STAR  shift 94
	AND  reduce 31
	COMMA  reduce 31
	DIAMOND  reduce 31
	DOTDOT  reduce 31
	ELSE  reduce 31
	EQUALS  reduce 31
	IMPLIES  reduce 31
	LEFTSQUARE  reduce 31
	OR  reduce 31
	RIGHTPAREN  reduce 31
	RIGHTSQUARE  reduce 31
	SEMICOLON  reduce 31
	STEP  reduce 31
	THEN  reduce 31
	UPCARAT  reduce 31
	WHEN  reduce 31
	XOR  reduce 31


state 127
	exp : exp . ARROW exp  (24)
	exp : exp . WHEN exp  (25)
	exp : exp . OR exp  (26)
	exp : exp . XOR exp  (27)
	exp : exp . AND exp  (28)
	exp : exp . IMPLIES exp  (29)
	exp : exp . EQUALS exp  (30)
	exp : exp . DIAMOND exp  (31)
	exp : exp . LESSTHAN exp  (32)
	exp : exp . GREATERTHAN exp  (33)
	exp : exp . LTEQUALS exp  (34)
	exp : exp . GTEQUALS exp  (35)
	exp : exp . PLUS exp  (36)
	exp : exp . MINUS exp  (37)
	exp : exp . STAR exp  (38)
	exp : exp . SLASH exp  (39)
	exp : exp . DIV exp  (40)
	exp : exp DIV exp .  (40)
	exp : exp . MOD exp  (41)
	exp : exp . UPCARAT exp  (42)
	exp : exp . PIPE exp  (43)
	exp : exp . LEFTSQUARE exp sel_sub RIGHTSQUARE  (44)

	.  reduce 40


state 128
	exp : exp . ARROW exp  (24)
	exp : exp . WHEN exp  (25)
	exp : exp . OR exp  (26)
	exp : exp . XOR exp  (27)
	exp : exp . AND exp  (28)
	exp : exp . IMPLIES exp  (29)
	exp : exp . EQUALS exp  (30)
	exp : exp EQUALS exp .  (30)
	exp : exp . DIAMOND exp  (31)
	exp : exp . LESSTHAN exp  (32)
	exp : exp . GREATERTHAN exp  (33)
	exp : exp . LTEQUALS exp  (34)
	exp : exp . GTEQUALS exp  (35)
	exp : exp . PLUS exp  (36)
	exp : exp . MINUS exp  (37)
	exp : exp . STAR exp  (38)
	exp : exp . SLASH exp  (39)
	exp : exp . DIV exp  (40)
	exp : exp . MOD exp  (41)
	exp : exp . UPCARAT exp  (42)
	exp : exp . PIPE exp  (43)
	exp : exp . LEFTSQUARE exp sel_sub RIGHTSQUARE  (44)

	ARROW  shift 78
	DIV  shift 80
	GREATERTHAN  shift 82
	GTEQUALS  shift 83
	LESSTHAN  shift 86
	LTEQUALS  shift 87
	MINUS  shift 88
	MOD  shift 89
	PIPE  shift 91
	PLUS  shift 92
	SLASH  shift 93
	STAR  shift 94
	AND  reduce 30
	COMMA  reduce 30
	DIAMOND  reduce 30
	DOTDOT  reduce 30
	ELSE  reduce 30
	EQUALS  reduce 30
	IMPLIES  reduce 30
	LEFTSQUARE  reduce 30
	OR  reduce 30
	RIGHTPAREN  reduce 30
	RIGHTSQUARE  reduce 30
	SEMICOLON  reduce 30
	STEP  reduce 30
	THEN  reduce 30
	UPCARAT  reduce 30
	WHEN  reduce 30
	XOR  reduce 30


state 129
	exp : exp . ARROW exp  (24)
	exp : exp . WHEN exp  (25)
	exp : exp . OR exp  (26)
	exp : exp . XOR exp  (27)
	exp : exp . AND exp  (28)
	exp : exp . IMPLIES exp  (29)
	exp : exp . EQUALS exp  (30)
	exp : exp . DIAMOND exp  (31)
	exp : exp . LESSTHAN exp  (32)
	exp : exp . GREATERTHAN exp  (33)
	exp : exp GREATERTHAN exp .  (33)
	exp : exp . LTEQUALS exp  (34)
	exp : exp . GTEQUALS exp  (35)
	exp : exp . PLUS exp  (36)
	exp : exp . MINUS exp  (37)
	exp : exp . STAR exp  (38)
	exp : exp . SLASH exp  (39)
	exp : exp . DIV exp  (40)
	exp : exp . MOD exp  (41)
	exp : exp . UPCARAT exp  (42)
	exp : exp . PIPE exp  (43)
	exp : exp . LEFTSQUARE exp sel_sub RIGHTSQUARE  (44)

	ARROW  shift 78
	DIV  shift 80
	MINUS  shift 88
	MOD  shift 89
	PIPE  shift 91
	PLUS  shift 92
	SLASH  shift 93
	STAR  shift 94
	AND  reduce 33
	COMMA  reduce 33
	DIAMOND  reduce 33
	DOTDOT  reduce 33
	ELSE  reduce 33
	EQUALS  reduce 33
	IMPLIES  reduce 33
	LEFTSQUARE  reduce 33
	OR  reduce 33
	RIGHTPAREN  reduce 33
	RIGHTSQUARE  reduce 33
	SEMICOLON  reduce 33
	STEP  reduce 33
	THEN  reduce 33
	UPCARAT  reduce 33
	WHEN  reduce 33
	XOR  reduce 33


state 130
	exp : exp . ARROW exp  (24)
	exp : exp . WHEN exp  (25)
	exp : exp . OR exp  (26)
	exp : exp . XOR exp  (27)
	exp : exp . AND exp  (28)
	exp : exp . IMPLIES exp  (29)
	exp : exp . EQUALS exp  (30)
	exp : exp . DIAMOND exp  (31)
	exp : exp . LESSTHAN exp  (32)
	exp : exp . GREATERTHAN exp  (33)
	exp : exp . LTEQUALS exp  (34)
	exp : exp . GTEQUALS exp  (35)
	exp : exp GTEQUALS exp .  (35)
	exp : exp . PLUS exp  (36)
	exp : exp . MINUS exp  (37)
	exp : exp . STAR exp  (38)
	exp : exp . SLASH exp  (39)
	exp : exp . DIV exp  (40)
	exp : exp . MOD exp  (41)
	exp : exp . UPCARAT exp  (42)
	exp : exp . PIPE exp  (43)
	exp : exp . LEFTSQUARE exp sel_sub RIGHTSQUARE  (44)

	ARROW  shift 78
	DIV  shift 80
	MINUS  shift 88
	MOD  shift 89
	PIPE  shift 91
	PLUS  shift 92
	SLASH  shift 93
	STAR  shift 94
	AND  reduce 35
	COMMA  reduce 35
	DIAMOND  reduce 35
	DOTDOT  reduce 35
	ELSE  reduce 35
	EQUALS  reduce 35
	IMPLIES  reduce 35
	LEFTSQUARE  reduce 35
	OR  reduce 35
	RIGHTPAREN  reduce 35
	RIGHTSQUARE  reduce 35
	SEMICOLON  reduce 35
	STEP  reduce 35
	THEN  reduce 35
	UPCARAT  reduce 35
	WHEN  reduce 35
	XOR  reduce 35


state 131
	exp : exp . ARROW exp  (24)
	exp : exp . WHEN exp  (25)
	exp : exp . OR exp  (26)
	exp : exp . XOR exp  (27)
	exp : exp . AND exp  (28)
	exp : exp . IMPLIES exp  (29)
	exp : exp IMPLIES exp .  (29)
	exp : exp . EQUALS exp  (30)
	exp : exp . DIAMOND exp  (31)
	exp : exp . LESSTHAN exp  (32)
	exp : exp . GREATERTHAN exp  (33)
	exp : exp . LTEQUALS exp  (34)
	exp : exp . GTEQUALS exp  (35)
	exp : exp . PLUS exp  (36)
	exp : exp . MINUS exp  (37)
	exp : exp . STAR exp  (38)
	exp : exp . SLASH exp  (39)
	exp : exp . DIV exp  (40)
	exp : exp . MOD exp  (41)
	exp : exp . UPCARAT exp  (42)
	exp : exp . PIPE exp  (43)
	exp : exp . LEFTSQUARE exp sel_sub RIGHTSQUARE  (44)

	AND  shift 77
	ARROW  shift 78
	DIAMOND  shift 79
	DIV  shift 80
	EQUALS  shift 81
	GREATERTHAN  shift 82
	GTEQUALS  shift 83
	LESSTHAN  shift 86
	LTEQUALS  shift 87
	MINUS  shift 88
	MOD  shift 89
	OR  shift 90
	PIPE  shift 91
	PLUS  shift 92
	SLASH  shift 93
	STAR  shift 94
	XOR  shift 97
	COMMA  reduce 29
	DOTDOT  reduce 29
	ELSE  reduce 29
	IMPLIES  reduce 29
	LEFTSQUARE  reduce 29
	RIGHTPAREN  reduce 29
	RIGHTSQUARE  reduce 29
	SEMICOLON  reduce 29
	STEP  reduce 29
	THEN  reduce 29
	UPCARAT  reduce 29
	WHEN  reduce 29


state 132
	exp : exp . ARROW exp  (24)
	exp : exp . WHEN exp  (25)
	exp : exp . OR exp  (26)
	exp : exp . XOR exp  (27)
	exp : exp . AND exp  (28)
	exp : exp . IMPLIES exp  (29)
	exp : exp . EQUALS exp  (30)
	exp : exp . DIAMOND exp  (31)
	exp : exp . LESSTHAN exp  (32)
	exp : exp . GREATERTHAN exp  (33)
	exp : exp . LTEQUALS exp  (34)
	exp : exp . GTEQUALS exp  (35)
	exp : exp . PLUS exp  (36)
	exp : exp . MINUS exp  (37)
	exp : exp . STAR exp  (38)
	exp : exp . SLASH exp  (39)
	exp : exp . DIV exp  (40)
	exp : exp . MOD exp  (41)
	exp : exp . UPCARAT exp  (42)
	exp : exp . PIPE exp  (43)
	exp : exp . LEFTSQUARE exp sel_sub RIGHTSQUARE  (44)
	exp : exp LEFTSQUARE exp . sel_sub RIGHTSQUARE  (44)
	cur_position : .  (3)

	AND  shift 77
	ARROW  shift 78
	DIAMOND  shift 79
	DIV  shift 80
	EQUALS  shift 81
	GREATERTHAN  shift 82
	GTEQUALS  shift 83
	IMPLIES  shift 84
	LEFTSQUARE  shift 85
	LESSTHAN  shift 86
	LTEQUALS  shift 87
	MINUS  shift 88
	MOD  shift 89
	OR  shift 90
	PIPE  shift 91
	PLUS  shift 92
	SLASH  shift 93
	STAR  shift 94
	UPCARAT  shift 95
	WHEN  shift 96
	XOR  shift 97
	DOTDOT  reduce 3
	RIGHTSQUARE  reduce 3

	sel_sub  goto 167
	selsub_sel_sub_dotdot88  goto 168
	cur_position  goto 169


state 133
	exp : exp . ARROW exp  (24)
	exp : exp . WHEN exp  (25)
	exp : exp . OR exp  (26)
	exp : exp . XOR exp  (27)
	exp : exp . AND exp  (28)
	exp : exp . IMPLIES exp  (29)
	exp : exp . EQUALS exp  (30)
	exp : exp . DIAMOND exp  (31)
	exp : exp . LESSTHAN exp  (32)
	exp : exp LESSTHAN exp .  (32)
	exp : exp . GREATERTHAN exp  (33)
	exp : exp . LTEQUALS exp  (34)
	exp : exp . GTEQUALS exp  (35)
	exp : exp . PLUS exp  (36)
	exp : exp . MINUS exp  (37)
	exp : exp . STAR exp  (38)
	exp : exp . SLASH exp  (39)
	exp : exp . DIV exp  (40)
	exp : exp . MOD exp  (41)
	exp : exp . UPCARAT exp  (42)
	exp : exp . PIPE exp  (43)
	exp : exp . LEFTSQUARE exp sel_sub RIGHTSQUARE  (44)

	ARROW  shift 78
	DIV  shift 80
	MINUS  shift 88
	MOD  shift 89
	PIPE  shift 91
	PLUS  shift 92
	SLASH  shift 93
	STAR  shift 94
	AND  reduce 32
	COMMA  reduce 32
	DIAMOND  reduce 32
	DOTDOT  reduce 32
	ELSE  reduce 32
	EQUALS  reduce 32
	IMPLIES  reduce 32
	LEFTSQUARE  reduce 32
	OR  reduce 32
	RIGHTPAREN  reduce 32
	RIGHTSQUARE  reduce 32
	SEMICOLON  reduce 32
	STEP  reduce 32
	THEN  reduce 32
	UPCARAT  reduce 32
	WHEN  reduce 32
	XOR  reduce 32


state 134
	exp : exp . ARROW exp  (24)
	exp : exp . WHEN exp  (25)
	exp : exp . OR exp  (26)
	exp : exp . XOR exp  (27)
	exp : exp . AND exp  (28)
	exp : exp . IMPLIES exp  (29)
	exp : exp . EQUALS exp  (30)
	exp : exp . DIAMOND exp  (31)
	exp : exp . LESSTHAN exp  (32)
	exp : exp . GREATERTHAN exp  (33)
	exp : exp . LTEQUALS exp  (34)
	exp : exp LTEQUALS exp .  (34)
	exp : exp . GTEQUALS exp  (35)
	exp : exp . PLUS exp  (36)
	exp : exp . MINUS exp  (37)
	exp : exp . STAR exp  (38)
	exp : exp . SLASH exp  (39)
	exp : exp . DIV exp  (40)
	exp : exp . MOD exp  (41)
	exp : exp . UPCARAT exp  (42)
	exp : exp . PIPE exp  (43)
	exp : exp . LEFTSQUARE exp sel_sub RIGHTSQUARE  (44)

	ARROW  shift 78
	DIV  shift 80
	MINUS  shift 88
	MOD  shift 89
	PIPE  shift 91
	PLUS  shift 92
	SLASH  shift 93
	STAR  shift 94
	AND  reduce 34
	COMMA  reduce 34
	DIAMOND  reduce 34
	DOTDOT  reduce 34
	ELSE  reduce 34
	EQUALS  reduce 34
	IMPLIES  reduce 34
	LEFTSQUARE  reduce 34
	OR  reduce 34
	RIGHTPAREN  reduce 34
	RIGHTSQUARE  reduce 34
	SEMICOLON  reduce 34
	STEP  reduce 34
	THEN  reduce 34
	UPCARAT  reduce 34
	WHEN  reduce 34
	XOR  reduce 34


state 135
	exp : exp . ARROW exp  (24)
	exp : exp . WHEN exp  (25)
	exp : exp . OR exp  (26)
	exp : exp . XOR exp  (27)
	exp : exp . AND exp  (28)
	exp : exp . IMPLIES exp  (29)
	exp : exp . EQUALS exp  (30)
	exp : exp . DIAMOND exp  (31)
	exp : exp . LESSTHAN exp  (32)
	exp : exp . GREATERTHAN exp  (33)
	exp : exp . LTEQUALS exp  (34)
	exp : exp . GTEQUALS exp  (35)
	exp : exp . PLUS exp  (36)
	exp : exp . MINUS exp  (37)
	exp : exp MINUS exp .  (37)
	exp : exp . STAR exp  (38)
	exp : exp . SLASH exp  (39)
	exp : exp . DIV exp  (40)
	exp : exp . MOD exp  (41)
	exp : exp . UPCARAT exp  (42)
	exp : exp . PIPE exp  (43)
	exp : exp . LEFTSQUARE exp sel_sub RIGHTSQUARE  (44)

	ARROW  shift 78
	DIV  shift 80
	MOD  shift 89
	PIPE  shift 91
	SLASH  shift 93
	STAR  shift 94
	AND  reduce 37
	COMMA  reduce 37
	DIAMOND  reduce 37
	DOTDOT  reduce 37
	ELSE  reduce 37
	EQUALS  reduce 37
	GREATERTHAN  reduce 37
	GTEQUALS  reduce 37
	IMPLIES  reduce 37
	LEFTSQUARE  reduce 37
	LESSTHAN  reduce 37
	LTEQUALS  reduce 37
	MINUS  reduce 37
	OR  reduce 37
	PLUS  reduce 37
	RIGHTPAREN  reduce 37
	RIGHTSQUARE  reduce 37
	SEMICOLON  reduce 37
	STEP  reduce 37
	THEN  reduce 37
	UPCARAT  reduce 37
	WHEN  reduce 37
	XOR  reduce 37


state 136
	exp : exp . ARROW exp  (24)
	exp : exp . WHEN exp  (25)
	exp : exp . OR exp  (26)
	exp : exp . XOR exp  (27)
	exp : exp . AND exp  (28)
	exp : exp . IMPLIES exp  (29)
	exp : exp . EQUALS exp  (30)
	exp : exp . DIAMOND exp  (31)
	exp : exp . LESSTHAN exp  (32)
	exp : exp . GREATERTHAN exp  (33)
	exp : exp . LTEQUALS exp  (34)
	exp : exp . GTEQUALS exp  (35)
	exp : exp . PLUS exp  (36)
	exp : exp . MINUS exp  (37)
	exp : exp . STAR exp  (38)
	exp : exp . SLASH exp  (39)
	exp : exp . DIV exp  (40)
	exp : exp . MOD exp  (41)
	exp : exp MOD exp .  (41)
	exp : exp . UPCARAT exp  (42)
	exp : exp . PIPE exp  (43)
	exp : exp . LEFTSQUARE exp sel_sub RIGHTSQUARE  (44)

	.  reduce 41


state 137
	exp : exp . ARROW exp  (24)
	exp : exp . WHEN exp  (25)
	exp : exp . OR exp  (26)
	exp : exp OR exp .  (26)
	exp : exp . XOR exp  (27)
	exp : exp . AND exp  (28)
	exp : exp . IMPLIES exp  (29)
	exp : exp . EQUALS exp  (30)
	exp : exp . DIAMOND exp  (31)
	exp : exp . LESSTHAN exp  (32)
	exp : exp . GREATERTHAN exp  (33)
	exp : exp . LTEQUALS exp  (34)
	exp : exp . GTEQUALS exp  (35)
	exp : exp . PLUS exp  (36)
	exp : exp . MINUS exp  (37)
	exp : exp . STAR exp  (38)
	exp : exp . SLASH exp  (39)
	exp : exp . DIV exp  (40)
	exp : exp . MOD exp  (41)
	exp : exp . UPCARAT exp  (42)
	exp : exp . PIPE exp  (43)
	exp : exp . LEFTSQUARE exp sel_sub RIGHTSQUARE  (44)

	AND  shift 77
	ARROW  shift 78
	DIAMOND  shift 79
	DIV  shift 80
	EQUALS  shift 81
	GREATERTHAN  shift 82
	GTEQUALS  shift 83
	LESSTHAN  shift 86
	LTEQUALS  shift 87
	MINUS  shift 88
	MOD  shift 89
	PIPE  shift 91
	PLUS  shift 92
	SLASH  shift 93
	STAR  shift 94
	XOR  shift 97
	COMMA  reduce 26
	DOTDOT  reduce 26
	ELSE  reduce 26
	IMPLIES  reduce 26
	LEFTSQUARE  reduce 26
	OR  reduce 26
	RIGHTPAREN  reduce 26
	RIGHTSQUARE  reduce 26
	SEMICOLON  reduce 26
	STEP  reduce 26
	THEN  reduce 26
	UPCARAT  reduce 26
	WHEN  reduce 26


state 138
	exp : exp . ARROW exp  (24)
	exp : exp . WHEN exp  (25)
	exp : exp . OR exp  (26)
	exp : exp . XOR exp  (27)
	exp : exp . AND exp  (28)
	exp : exp . IMPLIES exp  (29)
	exp : exp . EQUALS exp  (30)
	exp : exp . DIAMOND exp  (31)
	exp : exp . LESSTHAN exp  (32)
	exp : exp . GREATERTHAN exp  (33)
	exp : exp . LTEQUALS exp  (34)
	exp : exp . GTEQUALS exp  (35)
	exp : exp . PLUS exp  (36)
	exp : exp . MINUS exp  (37)
	exp : exp . STAR exp  (38)
	exp : exp . SLASH exp  (39)
	exp : exp . DIV exp  (40)
	exp : exp . MOD exp  (41)
	exp : exp . UPCARAT exp  (42)
	exp : exp . PIPE exp  (43)
	exp : exp PIPE exp .  (43)
	exp : exp . LEFTSQUARE exp sel_sub RIGHTSQUARE  (44)

	.  reduce 43


state 139
	exp : exp . ARROW exp  (24)
	exp : exp . WHEN exp  (25)
	exp : exp . OR exp  (26)
	exp : exp . XOR exp  (27)
	exp : exp . AND exp  (28)
	exp : exp . IMPLIES exp  (29)
	exp : exp . EQUALS exp  (30)
	exp : exp . DIAMOND exp  (31)
	exp : exp . LESSTHAN exp  (32)
	exp : exp . GREATERTHAN exp  (33)
	exp : exp . LTEQUALS exp  (34)
	exp : exp . GTEQUALS exp  (35)
	exp : exp . PLUS exp  (36)
	exp : exp PLUS exp .  (36)
	exp : exp . MINUS exp  (37)
	exp : exp . STAR exp  (38)
	exp : exp . SLASH exp  (39)
	exp : exp . DIV exp  (40)
	exp : exp . MOD exp  (41)
	exp : exp . UPCARAT exp  (42)
	exp : exp . PIPE exp  (43)
	exp : exp . LEFTSQUARE exp sel_sub RIGHTSQUARE  (44)

	ARROW  shift 78
	DIV  shift 80
	MOD  shift 89
	PIPE  shift 91
	SLASH  shift 93
	STAR  shift 94
	AND  reduce 36
	COMMA  reduce 36
	DIAMOND  reduce 36
	DOTDOT  reduce 36
	ELSE  reduce 36
	EQUALS  reduce 36
	GREATERTHAN  reduce 36
	GTEQUALS  reduce 36
	IMPLIES  reduce 36
	LEFTSQUARE  reduce 36
	LESSTHAN  reduce 36
	LTEQUALS  reduce 36
	MINUS  reduce 36
	OR  reduce 36
	PLUS  reduce 36
	RIGHTPAREN  reduce 36
	RIGHTSQUARE  reduce 36
	SEMICOLON  reduce 36
	STEP  reduce 36
	THEN  reduce 36
	UPCARAT  reduce 36
	WHEN  reduce 36
	XOR  reduce 36


state 140
	exp : exp . ARROW exp  (24)
	exp : exp . WHEN exp  (25)
	exp : exp . OR exp  (26)
	exp : exp . XOR exp  (27)
	exp : exp . AND exp  (28)
	exp : exp . IMPLIES exp  (29)
	exp : exp . EQUALS exp  (30)
	exp : exp . DIAMOND exp  (31)
	exp : exp . LESSTHAN exp  (32)
	exp : exp . GREATERTHAN exp  (33)
	exp : exp . LTEQUALS exp  (34)
	exp : exp . GTEQUALS exp  (35)
	exp : exp . PLUS exp  (36)
	exp : exp . MINUS exp  (37)
	exp : exp . STAR exp  (38)
	exp : exp . SLASH exp  (39)
	exp : exp SLASH exp .  (39)
	exp : exp . DIV exp  (40)
	exp : exp . MOD exp  (41)
	exp : exp . UPCARAT exp  (42)
	exp : exp . PIPE exp  (43)
	exp : exp . LEFTSQUARE exp sel_sub RIGHTSQUARE  (44)

	.  reduce 39


state 141
	exp : exp . ARROW exp  (24)
	exp : exp . WHEN exp  (25)
	exp : exp . OR exp  (26)
	exp : exp . XOR exp  (27)
	exp : exp . AND exp  (28)
	exp : exp . IMPLIES exp  (29)
	exp : exp . EQUALS exp  (30)
	exp : exp . DIAMOND exp  (31)
	exp : exp . LESSTHAN exp  (32)
	exp : exp . GREATERTHAN exp  (33)
	exp : exp . LTEQUALS exp  (34)
	exp : exp . GTEQUALS exp  (35)
	exp : exp . PLUS exp  (36)
	exp : exp . MINUS exp  (37)
	exp : exp . STAR exp  (38)
	exp : exp STAR exp .  (38)
	exp : exp . SLASH exp  (39)
	exp : exp . DIV exp  (40)
	exp : exp . MOD exp  (41)
	exp : exp . UPCARAT exp  (42)
	exp : exp . PIPE exp  (43)
	exp : exp . LEFTSQUARE exp sel_sub RIGHTSQUARE  (44)

	.  reduce 38


state 142
	exp : exp . ARROW exp  (24)
	exp : exp . WHEN exp  (25)
	exp : exp . OR exp  (26)
	exp : exp . XOR exp  (27)
	exp : exp . AND exp  (28)
	exp : exp . IMPLIES exp  (29)
	exp : exp . EQUALS exp  (30)
	exp : exp . DIAMOND exp  (31)
	exp : exp . LESSTHAN exp  (32)
	exp : exp . GREATERTHAN exp  (33)
	exp : exp . LTEQUALS exp  (34)
	exp : exp . GTEQUALS exp  (35)
	exp : exp . PLUS exp  (36)
	exp : exp . MINUS exp  (37)
	exp : exp . STAR exp  (38)
	exp : exp . SLASH exp  (39)
	exp : exp . DIV exp  (40)
	exp : exp . MOD exp  (41)
	exp : exp . UPCARAT exp  (42)
	exp : exp UPCARAT exp .  (42)
	exp : exp . PIPE exp  (43)
	exp : exp . LEFTSQUARE exp sel_sub RIGHTSQUARE  (44)

	AND  shift 77
	ARROW  shift 78
	DIAMOND  shift 79
	DIV  shift 80
	EQUALS  shift 81
	GREATERTHAN  shift 82
	GTEQUALS  shift 83
	IMPLIES  shift 84
	LESSTHAN  shift 86
	LTEQUALS  shift 87
	MINUS  shift 88
	MOD  shift 89
	OR  shift 90
	PIPE  shift 91
	PLUS  shift 92
	SLASH  shift 93
	STAR  shift 94
	XOR  shift 97
	COMMA  reduce 42
	DOTDOT  reduce 42
	ELSE  reduce 42
	LEFTSQUARE  reduce 42
	RIGHTPAREN  reduce 42
	RIGHTSQUARE  reduce 42
	SEMICOLON  reduce 42
	STEP  reduce 42
	THEN  reduce 42
	UPCARAT  reduce 42
	WHEN  reduce 42


state 143
	exp : exp . ARROW exp  (24)
	exp : exp . WHEN exp  (25)
	exp : exp WHEN exp .  (25)
	exp : exp . OR exp  (26)
	exp : exp . XOR exp  (27)
	exp : exp . AND exp  (28)
	exp : exp . IMPLIES exp  (29)
	exp : exp . EQUALS exp  (30)
	exp : exp . DIAMOND exp  (31)
	exp : exp . LESSTHAN exp  (32)
	exp : exp . GREATERTHAN exp  (33)
	exp : exp . LTEQUALS exp  (34)
	exp : exp . GTEQUALS exp  (35)
	exp : exp . PLUS exp  (36)
	exp : exp . MINUS exp  (37)
	exp : exp . STAR exp  (38)
	exp : exp . SLASH exp  (39)
	exp : exp . DIV exp  (40)
	exp : exp . MOD exp  (41)
	exp : exp . UPCARAT exp  (42)
	exp : exp . PIPE exp  (43)
	exp : exp . LEFTSQUARE exp sel_sub RIGHTSQUARE  (44)

	AND  shift 77
	ARROW  shift 78
	DIAMOND  shift 79
	DIV  shift 80
	EQUALS  shift 81
	GREATERTHAN  shift 82
	GTEQUALS  shift 83
	IMPLIES  shift 84
	LESSTHAN  shift 86
	LTEQUALS  shift 87
	MINUS  shift 88
	MOD  shift 89
	OR  shift 90
	PIPE  shift 91
	PLUS  shift 92
	SLASH  shift 93
	STAR  shift 94
	UPCARAT  shift 95
	XOR  shift 97
	COMMA  reduce 25
	DOTDOT  reduce 25
	ELSE  reduce 25
	LEFTSQUARE  reduce 25
	RIGHTPAREN  reduce 25
	RIGHTSQUARE  reduce 25
	SEMICOLON  reduce 25
	STEP  reduce 25
	THEN  reduce 25
	WHEN  reduce 25


state 144
	exp : exp . ARROW exp  (24)
	exp : exp . WHEN exp  (25)
	exp : exp . OR exp  (26)
	exp : exp . XOR exp  (27)
	exp : exp XOR exp .  (27)
	exp : exp . AND exp  (28)
	exp : exp . IMPLIES exp  (29)
	exp : exp . EQUALS exp  (30)
	exp : exp . DIAMOND exp  (31)
	exp : exp . LESSTHAN exp  (32)
	exp : exp . GREATERTHAN exp  (33)
	exp : exp . LTEQUALS exp  (34)
	exp : exp . GTEQUALS exp  (35)
	exp : exp . PLUS exp  (36)
	exp : exp . MINUS exp  (37)
	exp : exp . STAR exp  (38)
	exp : exp . SLASH exp  (39)
	exp : exp . DIV exp  (40)
	exp : exp . MOD exp  (41)
	exp : exp . UPCARAT exp  (42)
	exp : exp . PIPE exp  (43)
	exp : exp . LEFTSQUARE exp sel_sub RIGHTSQUARE  (44)

	AND  shift 77
	ARROW  shift 78
	DIAMOND  shift 79
	DIV  shift 80
	EQUALS  shift 81
	GREATERTHAN  shift 82
	GTEQUALS  shift 83
	LESSTHAN  shift 86
	LTEQUALS  shift 87
	MINUS  shift 88
	MOD  shift 89
	PIPE  shift 91
	PLUS  shift 92
	SLASH  shift 93
	STAR  shift 94
	COMMA  reduce 27
	DOTDOT  reduce 27
	ELSE  reduce 27
	IMPLIES  reduce 27
	LEFTSQUARE  reduce 27
	OR  reduce 27
	RIGHTPAREN  reduce 27
	RIGHTSQUARE  reduce 27
	SEMICOLON  reduce 27
	STEP  reduce 27
	THEN  reduce 27
	UPCARAT  reduce 27
	WHEN  reduce 27
	XOR  reduce 27


state 145
	exp : cur_position CURRENT exp .  (23)
	exp : exp . ARROW exp  (24)
	exp : exp . WHEN exp  (25)
	exp : exp . OR exp  (26)
	exp : exp . XOR exp  (27)
	exp : exp . AND exp  (28)
	exp : exp . IMPLIES exp  (29)
	exp : exp . EQUALS exp  (30)
	exp : exp . DIAMOND exp  (31)
	exp : exp . LESSTHAN exp  (32)
	exp : exp . GREATERTHAN exp  (33)
	exp : exp . LTEQUALS exp  (34)
	exp : exp . GTEQUALS exp  (35)
	exp : exp . PLUS exp  (36)
	exp : exp . MINUS exp  (37)
	exp : exp . STAR exp  (38)
	exp : exp . SLASH exp  (39)
	exp : exp . DIV exp  (40)
	exp : exp . MOD exp  (41)
	exp : exp . UPCARAT exp  (42)
	exp : exp . PIPE exp  (43)
	exp : exp . LEFTSQUARE exp sel_sub RIGHTSQUARE  (44)

	.  reduce 23


state 146
	exp : exp . ARROW exp  (24)
	exp : exp . WHEN exp  (25)
	exp : exp . OR exp  (26)
	exp : exp . XOR exp  (27)
	exp : exp . AND exp  (28)
	exp : exp . IMPLIES exp  (29)
	exp : exp . EQUALS exp  (30)
	exp : exp . DIAMOND exp  (31)
	exp : exp . LESSTHAN exp  (32)
	exp : exp . GREATERTHAN exp  (33)
	exp : exp . LTEQUALS exp  (34)
	exp : exp . GTEQUALS exp  (35)
	exp : exp . PLUS exp  (36)
	exp : exp . MINUS exp  (37)
	exp : exp . STAR exp  (38)
	exp : exp . SLASH exp  (39)
	exp : exp . DIV exp  (40)
	exp : exp . MOD exp  (41)
	exp : exp . UPCARAT exp  (42)
	exp : exp . PIPE exp  (43)
	exp : exp . LEFTSQUARE exp sel_sub RIGHTSQUARE  (44)
	exp : cur_position IF exp . THEN exp ELSE exp  (45)

	AND  shift 77
	ARROW  shift 78
	DIAMOND  shift 79
	DIV  shift 80
	EQUALS  shift 81
	GREATERTHAN  shift 82
	GTEQUALS  shift 83
	IMPLIES  shift 84
	LEFTSQUARE  shift 85
	LESSTHAN  shift 86
	LTEQUALS  shift 87
	MINUS  shift 88
	MOD  shift 89
	OR  shift 90
	PIPE  shift 91
	PLUS  shift 92
	SLASH  shift 93
	STAR  shift 94
	THEN  shift 170
	UPCARAT  shift 95
	WHEN  shift 96
	XOR  shift 97
	.  error


state 147
	exp : exp . ARROW exp  (24)
	exp : exp . WHEN exp  (25)
	exp : exp . OR exp  (26)
	exp : exp . XOR exp  (27)
	exp : exp . AND exp  (28)
	exp : exp . IMPLIES exp  (29)
	exp : exp . EQUALS exp  (30)
	exp : exp . DIAMOND exp  (31)
	exp : exp . LESSTHAN exp  (32)
	exp : exp . GREATERTHAN exp  (33)
	exp : exp . LTEQUALS exp  (34)
	exp : exp . GTEQUALS exp  (35)
	exp : exp . PLUS exp  (36)
	exp : exp . MINUS exp  (37)
	exp : exp . STAR exp  (38)
	exp : exp . SLASH exp  (39)
	exp : exp . DIV exp  (40)
	exp : exp . MOD exp  (41)
	exp : exp . UPCARAT exp  (42)
	exp : exp . PIPE exp  (43)
	exp : exp . LEFTSQUARE exp sel_sub RIGHTSQUARE  (44)
	exp_list : exp . explist_exp_list_comma49  (48)
	cur_position : .  (3)

	AND  shift 77
	ARROW  shift 78
	DIAMOND  shift 79
	DIV  shift 80
	EQUALS  shift 81
	GREATERTHAN  shift 82
	GTEQUALS  shift 83
	IMPLIES  shift 84
	LEFTSQUARE  shift 85
	LESSTHAN  shift 86
	LTEQUALS  shift 87
	MINUS  shift 88
	MOD  shift 89
	OR  shift 90
	PIPE  shift 91
	PLUS  shift 92
	SLASH  shift 93
	STAR  shift 94
	UPCARAT  shift 95
	WHEN  shift 96
	XOR  shift 97
	COMMA  reduce 3
	RIGHTPAREN  reduce 3
	RIGHTSQUARE  reduce 3

	explist_exp_list_comma49  goto 171
	cur_position  goto 172


state 148
	exp : cur_position LEFTPAREN exp_list . RIGHTPAREN  (18)

	RIGHTPAREN  shift 173
	.  error


state 149
	exp : cur_position LEFTSQUARE exp_list . RIGHTSQUARE  (19)

	RIGHTSQUARE  shift 174
	.  error


state 150
	exp : cur_position MINUS exp .  (21)
	exp : exp . ARROW exp  (24)
	exp : exp . WHEN exp  (25)
	exp : exp . OR exp  (26)
	exp : exp . XOR exp  (27)
	exp : exp . AND exp  (28)
	exp : exp . IMPLIES exp  (29)
	exp : exp . EQUALS exp  (30)
	exp : exp . DIAMOND exp  (31)
	exp : exp . LESSTHAN exp  (32)
	exp : exp . GREATERTHAN exp  (33)
	exp : exp . LTEQUALS exp  (34)
	exp : exp . GTEQUALS exp  (35)
	exp : exp . PLUS exp  (36)
	exp : exp . MINUS exp  (37)
	exp : exp . STAR exp  (38)
	exp : exp . SLASH exp  (39)
	exp : exp . DIV exp  (40)
	exp : exp . MOD exp  (41)
	exp : exp . UPCARAT exp  (42)
	exp : exp . PIPE exp  (43)
	exp : exp . LEFTSQUARE exp sel_sub RIGHTSQUARE  (44)

	.  reduce 21


state 151
	exp : cur_position NOT exp .  (20)
	exp : exp . ARROW exp  (24)
	exp : exp . WHEN exp  (25)
	exp : exp . OR exp  (26)
	exp : exp . XOR exp  (27)
	exp : exp . AND exp  (28)
	exp : exp . IMPLIES exp  (29)
	exp : exp . EQUALS exp  (30)
	exp : exp . DIAMOND exp  (31)
	exp : exp . LESSTHAN exp  (32)
	exp : exp . GREATERTHAN exp  (33)
	exp : exp . LTEQUALS exp  (34)
	exp : exp . GTEQUALS exp  (35)
	exp : exp . PLUS exp  (36)
	exp : exp . MINUS exp  (37)
	exp : exp . STAR exp  (38)
	exp : exp . SLASH exp  (39)
	exp : exp . DIV exp  (40)
	exp : exp . MOD exp  (41)
	exp : exp . UPCARAT exp  (42)
	exp : exp . PIPE exp  (43)
	exp : exp . LEFTSQUARE exp sel_sub RIGHTSQUARE  (44)

	.  reduce 20


state 152
	exp : cur_position POUND LEFTPAREN . exp_list RIGHTPAREN  (47)
	cur_position : .  (3)

	.  reduce 3

	exp  goto 147
	exp_list  goto 175
	cur_position  goto 62


state 153
	exp : cur_position PRE exp .  (22)
	exp : exp . ARROW exp  (24)
	exp : exp . WHEN exp  (25)
	exp : exp . OR exp  (26)
	exp : exp . XOR exp  (27)
	exp : exp . AND exp  (28)
	exp : exp . IMPLIES exp  (29)
	exp : exp . EQUALS exp  (30)
	exp : exp . DIAMOND exp  (31)
	exp : exp . LESSTHAN exp  (32)
	exp : exp . GREATERTHAN exp  (33)
	exp : exp . LTEQUALS exp  (34)
	exp : exp . GTEQUALS exp  (35)
	exp : exp . PLUS exp  (36)
	exp : exp . MINUS exp  (37)
	exp : exp . STAR exp  (38)
	exp : exp . SLASH exp  (39)
	exp : exp . DIV exp  (40)
	exp : exp . MOD exp  (41)
	exp : exp . UPCARAT exp  (42)
	exp : exp . PIPE exp  (43)
	exp : exp . LEFTSQUARE exp sel_sub RIGHTSQUARE  (44)

	.  reduce 22


state 154
	exp : exp . ARROW exp  (24)
	exp : exp . WHEN exp  (25)
	exp : exp . OR exp  (26)
	exp : exp . XOR exp  (27)
	exp : exp . AND exp  (28)
	exp : exp . IMPLIES exp  (29)
	exp : exp . EQUALS exp  (30)
	exp : exp . DIAMOND exp  (31)
	exp : exp . LESSTHAN exp  (32)
	exp : exp . GREATERTHAN exp  (33)
	exp : exp . LTEQUALS exp  (34)
	exp : exp . GTEQUALS exp  (35)
	exp : exp . PLUS exp  (36)
	exp : exp . MINUS exp  (37)
	exp : exp . STAR exp  (38)
	exp : exp . SLASH exp  (39)
	exp : exp . DIV exp  (40)
	exp : exp . MOD exp  (41)
	exp : exp . UPCARAT exp  (42)
	exp : exp . PIPE exp  (43)
	exp : exp . LEFTSQUARE exp sel_sub RIGHTSQUARE  (44)
	exp : cur_position WITH exp . THEN exp ELSE exp  (46)

	AND  shift 77
	ARROW  shift 78
	DIAMOND  shift 79
	DIV  shift 80
	EQUALS  shift 81
	GREATERTHAN  shift 82
	GTEQUALS  shift 83
	IMPLIES  shift 84
	LEFTSQUARE  shift 85
	LESSTHAN  shift 86
	LTEQUALS  shift 87
	MINUS  shift 88
	MOD  shift 89
	OR  shift 90
	PIPE  shift 91
	PLUS  shift 92
	SLASH  shift 93
	STAR  shift 94
	THEN  shift 176
	UPCARAT  shift 95
	WHEN  shift 96
	XOR  shift 97
	.  error


state 155
	exp : cur_position IDENTIFIER LEFTPAREN . exp_list RIGHTPAREN  (17)
	cur_position : .  (3)

	.  reduce 3

	exp  goto 147
	exp_list  goto 177
	cur_position  goto 62


state 156
	varlist_id_list_comma52 : cur_position COMMA IDENTIFIER varlist_id_list_comma52 .  (114)

	.  reduce 114


state 157
	vardecllist_var_decl_list_semicolon101 : cur_position SEMICOLON var_decl . vardecllist_var_decl_list_semicolon101  (90)
	cur_position : .  (3)

	.  reduce 3

	vardecllist_var_decl_list_semicolon101  goto 178
	cur_position  goto 65


state 158
	func_decl : cur_position FUNCTION IDENTIFIER LEFTPAREN var_decl_list RIGHTPAREN RETURNS LEFTPAREN . var_decl_list RIGHTPAREN  (49)
	cur_position : .  (3)

	.  reduce 3

	var_decl  goto 48
	var_decl_list  goto 179
	cur_position  goto 50
	new_id_list  goto 51


state 159
	varlist_id_list_comma53 : cur_position COMMA . IDENTIFIER varlist_id_list_comma53  (116)

	IDENTIFIER  shift 180
	.  error


state 160
	inparamlist_in_param_list_semicolon56 : cur_position SEMICOLON in_param . inparamlist_in_param_list_semicolon56  (112)
	cur_position : .  (3)

	.  reduce 3

	inparamlist_in_param_list_semicolon56  goto 181
	cur_position  goto 70


state 161
	node_decl : cur_position NODE IDENTIFIER LEFTPAREN in_param_list RIGHTPAREN RETURNS LEFTPAREN . in_param_list RIGHTPAREN SEMICOLON nodedecl_node_decl_local_decl77 body  (69)
	cur_position : .  (3)

	.  reduce 3

	clocked_var_decl  goto 52
	in_param  goto 53
	in_param_list  goto 182
	var_decl  goto 55
	cur_position  goto 56
	new_id_list  goto 51


state 162
	clocked_var_decl : cur_position LEFTPAREN var_decl_list RIGHTPAREN . WHEN IDENTIFIER  (8)

	WHEN  shift 183
	.  error


state 163
	exp : exp . ARROW exp  (24)
	exp : exp . WHEN exp  (25)
	exp : exp . OR exp  (26)
	exp : exp . XOR exp  (27)
	exp : exp . AND exp  (28)
	exp : exp . IMPLIES exp  (29)
	exp : exp . EQUALS exp  (30)
	exp : exp . DIAMOND exp  (31)
	exp : exp . LESSTHAN exp  (32)
	exp : exp . GREATERTHAN exp  (33)
	exp : exp . LTEQUALS exp  (34)
	exp : exp . GTEQUALS exp  (35)
	exp : exp . PLUS exp  (36)
	exp : exp . MINUS exp  (37)
	exp : exp . STAR exp  (38)
	exp : exp . SLASH exp  (39)
	exp : exp . DIV exp  (40)
	exp : exp . MOD exp  (41)
	exp : exp . UPCARAT exp  (42)
	exp : exp . PIPE exp  (43)
	exp : exp . LEFTSQUARE exp sel_sub RIGHTSQUARE  (44)
	ltype : ltype UPCARAT exp .  (65)

	AND  shift 77
	ARROW  shift 78
	DIAMOND  shift 79
	DIV  shift 80
	EQUALS  shift 81
	GREATERTHAN  shift 82
	GTEQUALS  shift 83
	IMPLIES  shift 84
	LEFTSQUARE  shift 85
	LESSTHAN  shift 86
	LTEQUALS  shift 87
	MINUS  shift 88
	MOD  shift 89
	OR  shift 90
	PIPE  shift 91
	PLUS  shift 92
	SLASH  shift 93
	STAR  shift 94
	WHEN  shift 96
	XOR  shift 97
	COMMA  reduce 65
	RIGHTPAREN  reduce 65
	RIGHTSQUARE  reduce 65
	SEMICOLON  reduce 65
	UPCARAT  reduce 65


state 164
	ltype : ltype . UPCARAT exp  (65)
	type_list : ltype . typelist_type_list_comma98  (86)
	cur_position : .  (3)

	UPCARAT  shift 120
	COMMA  reduce 3
	RIGHTSQUARE  reduce 3

	typelist_type_list_comma98  goto 184
	cur_position  goto 185


state 165
	ltype : cur_position LEFTSQUARE type_list . RIGHTSQUARE  (66)

	RIGHTSQUARE  shift 186
	.  error


state 166
	ltypelist_ltype_list_comma73 : cur_position COMMA IDENTIFIER ltypelist_ltype_list_comma73 .  (104)

	.  reduce 104


state 167
	exp : exp LEFTSQUARE exp sel_sub . RIGHTSQUARE  (44)

	RIGHTSQUARE  shift 187
	.  error


state 168
	sel_sub : selsub_sel_sub_dotdot88 .  (79)

	.  reduce 79


state 169
	selsub_sel_sub_dotdot88 : cur_position . DOTDOT exp sel_subsub  (97)
	selsub_sel_sub_dotdot88 : cur_position .  (98)

	DOTDOT  shift 188
	RIGHTSQUARE  reduce 98


state 170
	exp : cur_position IF exp THEN . exp ELSE exp  (45)
	cur_position : .  (3)

	.  reduce 3

	exp  goto 189
	cur_position  goto 62


state 171
	exp_list : exp explist_exp_list_comma49 .  (48)

	.  reduce 48


state 172
	explist_exp_list_comma49 : cur_position .  (117)
	explist_exp_list_comma49 : cur_position . COMMA exp explist_exp_list_comma49  (118)

	COMMA  shift 190
	RIGHTPAREN  reduce 117
	RIGHTSQUARE  reduce 117


state 173
	exp : cur_position LEFTPAREN exp_list RIGHTPAREN .  (18)

	.  reduce 18


state 174
	exp : cur_position LEFTSQUARE exp_list RIGHTSQUARE .  (19)

	.  reduce 19


state 175
	exp : cur_position POUND LEFTPAREN exp_list . RIGHTPAREN  (47)

	RIGHTPAREN  shift 191
	.  error


state 176
	exp : cur_position WITH exp THEN . exp ELSE exp  (46)
	cur_position : .  (3)

	.  reduce 3

	exp  goto 192
	cur_position  goto 62


state 177
	exp : cur_position IDENTIFIER LEFTPAREN exp_list . RIGHTPAREN  (17)

	RIGHTPAREN  shift 193
	.  error


state 178
	vardecllist_var_decl_list_semicolon101 : cur_position SEMICOLON var_decl vardecllist_var_decl_list_semicolon101 .  (90)

	.  reduce 90


state 179
	func_decl : cur_position FUNCTION IDENTIFIER LEFTPAREN var_decl_list RIGHTPAREN RETURNS LEFTPAREN var_decl_list . RIGHTPAREN  (49)

	RIGHTPAREN  shift 194
	.  error


state 180
	varlist_id_list_comma53 : cur_position COMMA IDENTIFIER . varlist_id_list_comma53  (116)
	cur_position : .  (3)

	.  reduce 3

	cur_position  goto 113
	varlist_id_list_comma53  goto 195


state 181
	inparamlist_in_param_list_semicolon56 : cur_position SEMICOLON in_param inparamlist_in_param_list_semicolon56 .  (112)

	.  reduce 112


state 182
	node_decl : cur_position NODE IDENTIFIER LEFTPAREN in_param_list RIGHTPAREN RETURNS LEFTPAREN in_param_list . RIGHTPAREN SEMICOLON nodedecl_node_decl_local_decl77 body  (69)

	RIGHTPAREN  shift 196
	.  error


state 183
	clocked_var_decl : cur_position LEFTPAREN var_decl_list RIGHTPAREN WHEN . IDENTIFIER  (8)

	IDENTIFIER  shift 197
	.  error


state 184
	type_list : ltype typelist_type_list_comma98 .  (86)

	.  reduce 86


state 185
	typelist_type_list_comma98 : cur_position .  (91)
	typelist_type_list_comma98 : cur_position . COMMA ltype typelist_type_list_comma98  (92)

	COMMA  shift 198
	RIGHTSQUARE  reduce 91


state 186
	ltype : cur_position LEFTSQUARE type_list RIGHTSQUARE .  (66)

	.  reduce 66


state 187
	exp : exp LEFTSQUARE exp sel_sub RIGHTSQUARE .  (44)

	.  reduce 44


state 188
	selsub_sel_sub_dotdot88 : cur_position DOTDOT . exp sel_subsub  (97)
	cur_position : .  (3)

	.  reduce 3

	exp  goto 199
	cur_position  goto 62


state 189
	exp : exp . ARROW exp  (24)
	exp : exp . WHEN exp  (25)
	exp : exp . OR exp  (26)
	exp : exp . XOR exp  (27)
	exp : exp . AND exp  (28)
	exp : exp . IMPLIES exp  (29)
	exp : exp . EQUALS exp  (30)
	exp : exp . DIAMOND exp  (31)
	exp : exp . LESSTHAN exp  (32)
	exp : exp . GREATERTHAN exp  (33)
	exp : exp . LTEQUALS exp  (34)
	exp : exp . GTEQUALS exp  (35)
	exp : exp . PLUS exp  (36)
	exp : exp . MINUS exp  (37)
	exp : exp . STAR exp  (38)
	exp : exp . SLASH exp  (39)
	exp : exp . DIV exp  (40)
	exp : exp . MOD exp  (41)
	exp : exp . UPCARAT exp  (42)
	exp : exp . PIPE exp  (43)
	exp : exp . LEFTSQUARE exp sel_sub RIGHTSQUARE  (44)
	exp : cur_position IF exp THEN exp . ELSE exp  (45)

	AND  shift 77
	ARROW  shift 78
	DIAMOND  shift 79
	DIV  shift 80
	ELSE  shift 200
	EQUALS  shift 81
	GREATERTHAN  shift 82
	GTEQUALS  shift 83
	IMPLIES  shift 84
	LEFTSQUARE  shift 85
	LESSTHAN  shift 86
	LTEQUALS  shift 87
	MINUS  shift 88
	MOD  shift 89
	OR  shift 90
	PIPE  shift 91
	PLUS  shift 92
	SLASH  shift 93
	STAR  shift 94
	UPCARAT  shift 95
	WHEN  shift 96
	XOR  shift 97
	.  error


state 190
	explist_exp_list_comma49 : cur_position COMMA . exp explist_exp_list_comma49  (118)
	cur_position : .  (3)

	.  reduce 3

	exp  goto 201
	cur_position  goto 62


state 191
	exp : cur_position POUND LEFTPAREN exp_list RIGHTPAREN .  (47)

	.  reduce 47


state 192
	exp : exp . ARROW exp  (24)
	exp : exp . WHEN exp  (25)
	exp : exp . OR exp  (26)
	exp : exp . XOR exp  (27)
	exp : exp . AND exp  (28)
	exp : exp . IMPLIES exp  (29)
	exp : exp . EQUALS exp  (30)
	exp : exp . DIAMOND exp  (31)
	exp : exp . LESSTHAN exp  (32)
	exp : exp . GREATERTHAN exp  (33)
	exp : exp . LTEQUALS exp  (34)
	exp : exp . GTEQUALS exp  (35)
	exp : exp . PLUS exp  (36)
	exp : exp . MINUS exp  (37)
	exp : exp . STAR exp  (38)
	exp : exp . SLASH exp  (39)
	exp : exp . DIV exp  (40)
	exp : exp . MOD exp  (41)
	exp : exp . UPCARAT exp  (42)
	exp : exp . PIPE exp  (43)
	exp : exp . LEFTSQUARE exp sel_sub RIGHTSQUARE  (44)
	exp : cur_position WITH exp THEN exp . ELSE exp  (46)

	AND  shift 77
	ARROW  shift 78
	DIAMOND  shift 79
	DIV  shift 80
	ELSE  shift 202
	EQUALS  shift 81
	GREATERTHAN  shift 82
	GTEQUALS  shift 83
	IMPLIES  shift 84
	LEFTSQUARE  shift 85
	LESSTHAN  shift 86
	LTEQUALS  shift 87
	MINUS  shift 88
	MOD  shift 89
	OR  shift 90
	PIPE  shift 91
	PLUS  shift 92
	SLASH  shift 93
	STAR  shift 94
	UPCARAT  shift 95
	WHEN  shift 96
	XOR  shift 97
	.  error


state 193
	exp : cur_position IDENTIFIER LEFTPAREN exp_list RIGHTPAREN .  (17)

	.  reduce 17


state 194
	func_decl : cur_position FUNCTION IDENTIFIER LEFTPAREN var_decl_list RIGHTPAREN RETURNS LEFTPAREN var_decl_list RIGHTPAREN .  (49)

	.  reduce 49


state 195
	varlist_id_list_comma53 : cur_position COMMA IDENTIFIER varlist_id_list_comma53 .  (116)

	.  reduce 116


state 196
	node_decl : cur_position NODE IDENTIFIER LEFTPAREN in_param_list RIGHTPAREN RETURNS LEFTPAREN in_param_list RIGHTPAREN . SEMICOLON nodedecl_node_decl_local_decl77 body  (69)

	SEMICOLON  shift 203
	.  error


state 197
	clocked_var_decl : cur_position LEFTPAREN var_decl_list RIGHTPAREN WHEN IDENTIFIER .  (8)

	.  reduce 8


state 198
	typelist_type_list_comma98 : cur_position COMMA . ltype typelist_type_list_comma98  (92)
	cur_position : .  (3)

	.  reduce 3

	ltype  goto 204
	cur_position  goto 75


state 199
	exp : exp . ARROW exp  (24)
	exp : exp . WHEN exp  (25)
	exp : exp . OR exp  (26)
	exp : exp . XOR exp  (27)
	exp : exp . AND exp  (28)
	exp : exp . IMPLIES exp  (29)
	exp : exp . EQUALS exp  (30)
	exp : exp . DIAMOND exp  (31)
	exp : exp . LESSTHAN exp  (32)
	exp : exp . GREATERTHAN exp  (33)
	exp : exp . LTEQUALS exp  (34)
	exp : exp . GTEQUALS exp  (35)
	exp : exp . PLUS exp  (36)
	exp : exp . MINUS exp  (37)
	exp : exp . STAR exp  (38)
	exp : exp . SLASH exp  (39)
	exp : exp . DIV exp  (40)
	exp : exp . MOD exp  (41)
	exp : exp . UPCARAT exp  (42)
	exp : exp . PIPE exp  (43)
	exp : exp . LEFTSQUARE exp sel_sub RIGHTSQUARE  (44)
	selsub_sel_sub_dotdot88 : cur_position DOTDOT exp . sel_subsub  (97)
	cur_position : .  (3)

	AND  shift 77
	ARROW  shift 78
	DIAMOND  shift 79
	DIV  shift 80
	EQUALS  shift 81
	GREATERTHAN  shift 82
	GTEQUALS  shift 83
	IMPLIES  shift 84
	LEFTSQUARE  shift 85
	LESSTHAN  shift 86
	LTEQUALS  shift 87
	MINUS  shift 88
	MOD  shift 89
	OR  shift 90
	PIPE  shift 91
	PLUS  shift 92
	SLASH  shift 93
	STAR  shift 94
	UPCARAT  shift 95
	WHEN  shift 96
	XOR  shift 97
	RIGHTSQUARE  reduce 3
	STEP  reduce 3

	sel_subsub  goto 205
	selsubsub_sel_subsub_step90  goto 206
	cur_position  goto 207


state 200
	exp : cur_position IF exp THEN exp ELSE . exp  (45)
	cur_position : .  (3)

	.  reduce 3

	exp  goto 208
	cur_position  goto 62


state 201
	exp : exp . ARROW exp  (24)
	exp : exp . WHEN exp  (25)
	exp : exp . OR exp  (26)
	exp : exp . XOR exp  (27)
	exp : exp . AND exp  (28)
	exp : exp . IMPLIES exp  (29)
	exp : exp . EQUALS exp  (30)
	exp : exp . DIAMOND exp  (31)
	exp : exp . LESSTHAN exp  (32)
	exp : exp . GREATERTHAN exp  (33)
	exp : exp . LTEQUALS exp  (34)
	exp : exp . GTEQUALS exp  (35)
	exp : exp . PLUS exp  (36)
	exp : exp . MINUS exp  (37)
	exp : exp . STAR exp  (38)
	exp : exp . SLASH exp  (39)
	exp : exp . DIV exp  (40)
	exp : exp . MOD exp  (41)
	exp : exp . UPCARAT exp  (42)
	exp : exp . PIPE exp  (43)
	exp : exp . LEFTSQUARE exp sel_sub RIGHTSQUARE  (44)
	explist_exp_list_comma49 : cur_position COMMA exp . explist_exp_list_comma49  (118)
	cur_position : .  (3)

	AND  shift 77
	ARROW  shift 78
	DIAMOND  shift 79
	DIV  shift 80
	EQUALS  shift 81
	GREATERTHAN  shift 82
	GTEQUALS  shift 83
	IMPLIES  shift 84
	LEFTSQUARE  shift 85
	LESSTHAN  shift 86
	LTEQUALS  shift 87
	MINUS  shift 88
	MOD  shift 89
	OR  shift 90
	PIPE  shift 91
	PLUS  shift 92
	SLASH  shift 93
	STAR  shift 94
	UPCARAT  shift 95
	WHEN  shift 96
	XOR  shift 97
	COMMA  reduce 3
	RIGHTPAREN  reduce 3
	RIGHTSQUARE  reduce 3

	explist_exp_list_comma49  goto 209
	cur_position  goto 172


state 202
	exp : cur_position WITH exp THEN exp ELSE . exp  (46)
	cur_position : .  (3)

	.  reduce 3

	exp  goto 210
	cur_position  goto 62


state 203
	node_decl : cur_position NODE IDENTIFIER LEFTPAREN in_param_list RIGHTPAREN RETURNS LEFTPAREN in_param_list RIGHTPAREN SEMICOLON . nodedecl_node_decl_local_decl77 body  (69)
	cur_position : .  (3)

	.  reduce 3

	local_decl  goto 211
	nodedecl_node_decl_local_decl77  goto 212
	cur_position  goto 213


state 204
	ltype : ltype . UPCARAT exp  (65)
	typelist_type_list_comma98 : cur_position COMMA ltype . typelist_type_list_comma98  (92)
	cur_position : .  (3)

	UPCARAT  shift 120
	COMMA  reduce 3
	RIGHTSQUARE  reduce 3

	typelist_type_list_comma98  goto 214
	cur_position  goto 185


state 205
	selsub_sel_sub_dotdot88 : cur_position DOTDOT exp sel_subsub .  (97)

	.  reduce 97


state 206
	sel_subsub : selsubsub_sel_subsub_step90 .  (80)

	.  reduce 80


state 207
	selsubsub_sel_subsub_step90 : cur_position . STEP exp  (95)
	selsubsub_sel_subsub_step90 : cur_position .  (96)

	STEP  shift 215
	RIGHTSQUARE  reduce 96


state 208
	exp : exp . ARROW exp  (24)
	exp : exp . WHEN exp  (25)
	exp : exp . OR exp  (26)
	exp : exp . XOR exp  (27)
	exp : exp . AND exp  (28)
	exp : exp . IMPLIES exp  (29)
	exp : exp . EQUALS exp  (30)
	exp : exp . DIAMOND exp  (31)
	exp : exp . LESSTHAN exp  (32)
	exp : exp . GREATERTHAN exp  (33)
	exp : exp . LTEQUALS exp  (34)
	exp : exp . GTEQUALS exp  (35)
	exp : exp . PLUS exp  (36)
	exp : exp . MINUS exp  (37)
	exp : exp . STAR exp  (38)
	exp : exp . SLASH exp  (39)
	exp : exp . DIV exp  (40)
	exp : exp . MOD exp  (41)
	exp : exp . UPCARAT exp  (42)
	exp : exp . PIPE exp  (43)
	exp : exp . LEFTSQUARE exp sel_sub RIGHTSQUARE  (44)
	exp : cur_position IF exp THEN exp ELSE exp .  (45)

	AND  shift 77
	ARROW  shift 78
	DIAMOND  shift 79
	DIV  shift 80
	EQUALS  shift 81
	GREATERTHAN  shift 82
	GTEQUALS  shift 83
	IMPLIES  shift 84
	LESSTHAN  shift 86
	LTEQUALS  shift 87
	MINUS  shift 88
	MOD  shift 89
	OR  shift 90
	PIPE  shift 91
	PLUS  shift 92
	SLASH  shift 93
	STAR  shift 94
	UPCARAT  shift 95
	XOR  shift 97
	COMMA  reduce 45
	DOTDOT  reduce 45
	ELSE  reduce 45
	LEFTSQUARE  reduce 45
	RIGHTPAREN  reduce 45
	RIGHTSQUARE  reduce 45
	SEMICOLON  reduce 45
	STEP  reduce 45
	THEN  reduce 45
	WHEN  reduce 45


state 209
	explist_exp_list_comma49 : cur_position COMMA exp explist_exp_list_comma49 .  (118)

	.  reduce 118


state 210
	exp : exp . ARROW exp  (24)
	exp : exp . WHEN exp  (25)
	exp : exp . OR exp  (26)
	exp : exp . XOR exp  (27)
	exp : exp . AND exp  (28)
	exp : exp . IMPLIES exp  (29)
	exp : exp . EQUALS exp  (30)
	exp : exp . DIAMOND exp  (31)
	exp : exp . LESSTHAN exp  (32)
	exp : exp . GREATERTHAN exp  (33)
	exp : exp . LTEQUALS exp  (34)
	exp : exp . GTEQUALS exp  (35)
	exp : exp . PLUS exp  (36)
	exp : exp . MINUS exp  (37)
	exp : exp . STAR exp  (38)
	exp : exp . SLASH exp  (39)
	exp : exp . DIV exp  (40)
	exp : exp . MOD exp  (41)
	exp : exp . UPCARAT exp  (42)
	exp : exp . PIPE exp  (43)
	exp : exp . LEFTSQUARE exp sel_sub RIGHTSQUARE  (44)
	exp : cur_position WITH exp THEN exp ELSE exp .  (46)

	AND  shift 77
	ARROW  shift 78
	DIAMOND  shift 79
	DIV  shift 80
	EQUALS  shift 81
	GREATERTHAN  shift 82
	GTEQUALS  shift 83
	IMPLIES  shift 84
	LESSTHAN  shift 86
	LTEQUALS  shift 87
	MINUS  shift 88
	MOD  shift 89
	OR  shift 90
	PIPE  shift 91
	PLUS  shift 92
	SLASH  shift 93
	STAR  shift 94
	UPCARAT  shift 95
	XOR  shift 97
	COMMA  reduce 46
	DOTDOT  reduce 46
	ELSE  reduce 46
	LEFTSQUARE  reduce 46
	RIGHTPAREN  reduce 46
	RIGHTSQUARE  reduce 46
	SEMICOLON  reduce 46
	STEP  reduce 46
	THEN  reduce 46
	WHEN  reduce 46


state 211
	nodedecl_node_decl_local_decl77 : local_decl .  (99)

	.  reduce 99


state 212
	node_decl : cur_position NODE IDENTIFIER LEFTPAREN in_param_list RIGHTPAREN RETURNS LEFTPAREN in_param_list RIGHTPAREN SEMICOLON nodedecl_node_decl_local_decl77 . body  (69)
	cur_position : .  (3)

	.  reduce 3

	body  goto 216
	cur_position  goto 217


state 213
	local_decl : cur_position . VAR localdecl_local_decl_clocked_var_decl68  (63)
	nodedecl_node_decl_local_decl77 : cur_position .  (100)

	VAR  shift 218
	LET  reduce 100


state 214
	typelist_type_list_comma98 : cur_position COMMA ltype typelist_type_list_comma98 .  (92)

	.  reduce 92


state 215
	selsubsub_sel_subsub_step90 : cur_position STEP . exp  (95)
	cur_position : .  (3)

	.  reduce 3

	exp  goto 219
	cur_position  goto 62


state 216
	node_decl : cur_position NODE IDENTIFIER LEFTPAREN in_param_list RIGHTPAREN RETURNS LEFTPAREN in_param_list RIGHTPAREN SEMICOLON nodedecl_node_decl_local_decl77 body .  (69)

	.  reduce 69


state 217
	body : cur_position . LET equation_list TEL body_end  (4)

	LET  shift 220
	.  error


state 218
	local_decl : cur_position VAR . localdecl_local_decl_clocked_var_decl68  (63)
	cur_position : .  (3)

	.  reduce 3

	clocked_var_decl  goto 221
	localdecl_local_decl_clocked_var_decl68  goto 222
	var_decl  goto 55
	cur_position  goto 223
	new_id_list  goto 51


state 219
	exp : exp . ARROW exp  (24)
	exp : exp . WHEN exp  (25)
	exp : exp . OR exp  (26)
	exp : exp . XOR exp  (27)
	exp : exp . AND exp  (28)
	exp : exp . IMPLIES exp  (29)
	exp : exp . EQUALS exp  (30)
	exp : exp . DIAMOND exp  (31)
	exp : exp . LESSTHAN exp  (32)
	exp : exp . GREATERTHAN exp  (33)
	exp : exp . LTEQUALS exp  (34)
	exp : exp . GTEQUALS exp  (35)
	exp : exp . PLUS exp  (36)
	exp : exp . MINUS exp  (37)
	exp : exp . STAR exp  (38)
	exp : exp . SLASH exp  (39)
	exp : exp . DIV exp  (40)
	exp : exp . MOD exp  (41)
	exp : exp . UPCARAT exp  (42)
	exp : exp . PIPE exp  (43)
	exp : exp . LEFTSQUARE exp sel_sub RIGHTSQUARE  (44)
	selsubsub_sel_subsub_step90 : cur_position STEP exp .  (95)

	AND  shift 77
	ARROW  shift 78
	DIAMOND  shift 79
	DIV  shift 80
	EQUALS  shift 81
	GREATERTHAN  shift 82
	GTEQUALS  shift 83
	IMPLIES  shift 84
	LEFTSQUARE  shift 85
	LESSTHAN  shift 86
	LTEQUALS  shift 87
	MINUS  shift 88
	MOD  shift 89
	OR  shift 90
	PIPE  shift 91
	PLUS  shift 92
	SLASH  shift 93
	STAR  shift 94
	UPCARAT  shift 95
	WHEN  shift 96
	XOR  shift 97
	RIGHTSQUARE  reduce 95


state 220
	body : cur_position LET . equation_list TEL body_end  (4)
	cur_position : .  (3)

	.  reduce 3

	equation  goto 224
	equation_list  goto 225
	equationlist_equation_list_equation13  goto 226
	left_elem  goto 227
	left_elem_list  goto 228
	left_part  goto 229
	struct_filter  goto 230
	tab_access  goto 231
	cur_position  goto 232


state 221
	localdecl_local_decl_clocked_var_decl68 : clocked_var_decl . SEMICOLON  (105)
	localdecl_local_decl_clocked_var_decl68 : clocked_var_decl . SEMICOLON localdecl_local_decl_clocked_var_decl68  (106)

	SEMICOLON  shift 233
	.  error


state 222
	local_decl : cur_position VAR localdecl_local_decl_clocked_var_decl68 .  (63)

	.  reduce 63


state 223
	clocked_var_decl : cur_position . LEFTPAREN var_decl_list RIGHTPAREN WHEN IDENTIFIER  (8)
	new_id_list : cur_position . IDENTIFIER varlist_id_list_comma53  (51)

	LEFTPAREN  shift 73
	IDENTIFIER  shift 67
	.  error


state 224
	equationlist_equation_list_equation13 : equation . SEMICOLON  (119)
	equationlist_equation_list_equation13 : equation . SEMICOLON equationlist_equation_list_equation13  (120)

	SEMICOLON  shift 234
	.  error


state 225
	body : cur_position LET equation_list . TEL body_end  (4)

	TEL  shift 235
	.  error


state 226
	equation_list : equationlist_equation_list_equation13 .  (13)

	.  reduce 13


state 227
	left_elem_list : left_elem . leftelemlist_left_elem_list_comma63  (59)
	cur_position : .  (3)

	.  reduce 3

	leftelemlist_left_elem_list_comma63  goto 236
	cur_position  goto 237


state 228
	left_part : left_elem_list .  (60)

	.  reduce 60


state 229
	equation : left_part . EQUALS exp  (11)

	EQUALS  shift 238
	.  error


state 230
	left_elem : struct_filter .  (57)

	.  reduce 57


state 231
	left_elem : tab_access .  (58)
	tab_access : tab_access . selector  (84)
	cur_position : .  (3)

	COMMA  reduce 58
	EQUALS  reduce 58
	LEFTSQUARE  reduce 3
	RIGHTPAREN  reduce 58
	RIGHTSQUARE  reduce 58

	selector  goto 239
	cur_position  goto 240


state 232
	equation : cur_position . ASSERT exp  (10)
	equation : cur_position . KINDCOMM IDENTIFIER COLON equation2_equation_exp11  (12)
	left_elem : cur_position . IDENTIFIER  (56)
	left_part : cur_position . LEFTPAREN left_elem_list RIGHTPAREN  (61)
	struct_filter : cur_position . LEFTSQUARE left_elem_list RIGHTSQUARE  (82)
	tab_access : cur_position . IDENTIFIER selector  (83)

	ASSERT  shift 241
	KINDCOMM  shift 242
	LEFTPAREN  shift 243
	LEFTSQUARE  shift 244
	IDENTIFIER  shift 245
	.  error


state 233
	localdecl_local_decl_clocked_var_decl68 : clocked_var_decl SEMICOLON .  (105)
	localdecl_local_decl_clocked_var_decl68 : clocked_var_decl SEMICOLON . localdecl_local_decl_clocked_var_decl68  (106)
	cur_position : .  (3)

	LEFTPAREN  reduce 3
	LET  reduce 105
	IDENTIFIER  reduce 3

	clocked_var_decl  goto 221
	localdecl_local_decl_clocked_var_decl68  goto 246
	var_decl  goto 55
	cur_position  goto 223
	new_id_list  goto 51


state 234
	equationlist_equation_list_equation13 : equation SEMICOLON .  (119)
	equationlist_equation_list_equation13 : equation SEMICOLON . equationlist_equation_list_equation13  (120)
	cur_position : .  (3)

	ASSERT  reduce 3
	KINDCOMM  reduce 3
	LEFTPAREN  reduce 3
	LEFTSQUARE  reduce 3
	TEL  reduce 119
	IDENTIFIER  reduce 3

	equation  goto 224
	equationlist_equation_list_equation13  goto 247
	left_elem  goto 227
	left_elem_list  goto 228
	left_part  goto 229
	struct_filter  goto 230
	tab_access  goto 231
	cur_position  goto 232


state 235
	body : cur_position LET equation_list TEL . body_end  (4)
	cur_position : .  (3)

	.  reduce 3

	body_end  goto 248
	cur_position  goto 249


state 236
	left_elem_list : left_elem leftelemlist_left_elem_list_comma63 .  (59)

	.  reduce 59


state 237
	leftelemlist_left_elem_list_comma63 : cur_position .  (107)
	leftelemlist_left_elem_list_comma63 : cur_position . COMMA left_elem leftelemlist_left_elem_list_comma63  (108)

	COMMA  shift 250
	EQUALS  reduce 107
	RIGHTPAREN  reduce 107
	RIGHTSQUARE  reduce 107


state 238
	equation : left_part EQUALS . exp  (11)
	cur_position : .  (3)

	.  reduce 3

	exp  goto 251
	cur_position  goto 62


state 239
	tab_access : tab_access selector .  (84)

	.  reduce 84


state 240
	selector : cur_position . LEFTSQUARE exp sel_sub RIGHTSQUARE  (81)

	LEFTSQUARE  shift 252
	.  error


state 241
	equation : cur_position ASSERT . exp  (10)
	cur_position : .  (3)

	.  reduce 3

	exp  goto 253
	cur_position  goto 62


state 242
	equation : cur_position KINDCOMM . IDENTIFIER COLON equation2_equation_exp11  (12)

	IDENTIFIER  shift 254
	.  error


state 243
	left_part : cur_position LEFTPAREN . left_elem_list RIGHTPAREN  (61)
	cur_position : .  (3)

	.  reduce 3

	left_elem  goto 227
	left_elem_list  goto 255
	struct_filter  goto 230
	tab_access  goto 231
	cur_position  goto 256


state 244
	struct_filter : cur_position LEFTSQUARE . left_elem_list RIGHTSQUARE  (82)
	cur_position : .  (3)

	.  reduce 3

	left_elem  goto 227
	left_elem_list  goto 257
	struct_filter  goto 230
	tab_access  goto 231
	cur_position  goto 256


state 245
	left_elem : cur_position IDENTIFIER .  (56)
	tab_access : cur_position IDENTIFIER . selector  (83)
	cur_position : .  (3)

	COMMA  reduce 56
	EQUALS  reduce 56
	LEFTSQUARE  reduce 3
	RIGHTPAREN  reduce 56
	RIGHTSQUARE  reduce 56

	selector  goto 258
	cur_position  goto 240


state 246
	localdecl_local_decl_clocked_var_decl68 : clocked_var_decl SEMICOLON localdecl_local_decl_clocked_var_decl68 .  (106)

	.  reduce 106


state 247
	equationlist_equation_list_equation13 : equation SEMICOLON equationlist_equation_list_equation13 .  (120)

	.  reduce 120


state 248
	body : cur_position LET equation_list TEL body_end .  (4)

	.  reduce 4


state 249
	body_end : cur_position .  (5)
	body_end : cur_position . SEMICOLON  (6)

	SEMICOLON  shift 259
	$end  reduce 5
	CONST  reduce 5
	FUNCTION  reduce 5
	NODE  reduce 5
	TYPE  reduce 5


state 250
	leftelemlist_left_elem_list_comma63 : cur_position COMMA . left_elem leftelemlist_left_elem_list_comma63  (108)
	cur_position : .  (3)

	.  reduce 3

	left_elem  goto 260
	struct_filter  goto 230
	tab_access  goto 231
	cur_position  goto 256


state 251
	equation : left_part EQUALS exp .  (11)
	exp : exp . ARROW exp  (24)
	exp : exp . WHEN exp  (25)
	exp : exp . OR exp  (26)
	exp : exp . XOR exp  (27)
	exp : exp . AND exp  (28)
	exp : exp . IMPLIES exp  (29)
	exp : exp . EQUALS exp  (30)
	exp : exp . DIAMOND exp  (31)
	exp : exp . LESSTHAN exp  (32)
	exp : exp . GREATERTHAN exp  (33)
	exp : exp . LTEQUALS exp  (34)
	exp : exp . GTEQUALS exp  (35)
	exp : exp . PLUS exp  (36)
	exp : exp . MINUS exp  (37)
	exp : exp . STAR exp  (38)
	exp : exp . SLASH exp  (39)
	exp : exp . DIV exp  (40)
	exp : exp . MOD exp  (41)
	exp : exp . UPCARAT exp  (42)
	exp : exp . PIPE exp  (43)
	exp : exp . LEFTSQUARE exp sel_sub RIGHTSQUARE  (44)

	AND  shift 77
	ARROW  shift 78
	DIAMOND  shift 79
	DIV  shift 80
	EQUALS  shift 81
	GREATERTHAN  shift 82
	GTEQUALS  shift 83
	IMPLIES  shift 84
	LEFTSQUARE  shift 85
	LESSTHAN  shift 86
	LTEQUALS  shift 87
	MINUS  shift 88
	MOD  shift 89
	OR  shift 90
	PIPE  shift 91
	PLUS  shift 92
	SLASH  shift 93
	STAR  shift 94
	UPCARAT  shift 95
	WHEN  shift 96
	XOR  shift 97
	SEMICOLON  reduce 11


state 252
	selector : cur_position LEFTSQUARE . exp sel_sub RIGHTSQUARE  (81)
	cur_position : .  (3)

	.  reduce 3

	exp  goto 261
	cur_position  goto 62


state 253
	equation : cur_position ASSERT exp .  (10)
	exp : exp . ARROW exp  (24)
	exp : exp . WHEN exp  (25)
	exp : exp . OR exp  (26)
	exp : exp . XOR exp  (27)
	exp : exp . AND exp  (28)
	exp : exp . IMPLIES exp  (29)
	exp : exp . EQUALS exp  (30)
	exp : exp . DIAMOND exp  (31)
	exp : exp . LESSTHAN exp  (32)
	exp : exp . GREATERTHAN exp  (33)
	exp : exp . LTEQUALS exp  (34)
	exp : exp . GTEQUALS exp  (35)
	exp : exp . PLUS exp  (36)
	exp : exp . MINUS exp  (37)
	exp : exp . STAR exp  (38)
	exp : exp . SLASH exp  (39)
	exp : exp . DIV exp  (40)
	exp : exp . MOD exp  (41)
	exp : exp . UPCARAT exp  (42)
	exp : exp . PIPE exp  (43)
	exp : exp . LEFTSQUARE exp sel_sub RIGHTSQUARE  (44)

	AND  shift 77
	ARROW  shift 78
	DIAMOND  shift 79
	DIV  shift 80
	EQUALS  shift 81
	GREATERTHAN  shift 82
	GTEQUALS  shift 83
	IMPLIES  shift 84
	LEFTSQUARE  shift 85
	LESSTHAN  shift 86
	LTEQUALS  shift 87
	MINUS  shift 88
	MOD  shift 89
	OR  shift 90
	PIPE  shift 91
	PLUS  shift 92
	SLASH  shift 93
	STAR  shift 94
	UPCARAT  shift 95
	WHEN  shift 96
	XOR  shift 97
	SEMICOLON  reduce 10


state 254
	equation : cur_position KINDCOMM IDENTIFIER . COLON equation2_equation_exp11  (12)

	COLON  shift 262
	.  error


state 255
	left_part : cur_position LEFTPAREN left_elem_list . RIGHTPAREN  (61)

	RIGHTPAREN  shift 263
	.  error


state 256
	left_elem : cur_position . IDENTIFIER  (56)
	struct_filter : cur_position . LEFTSQUARE left_elem_list RIGHTSQUARE  (82)
	tab_access : cur_position . IDENTIFIER selector  (83)

	LEFTSQUARE  shift 244
	IDENTIFIER  shift 245
	.  error


state 257
	struct_filter : cur_position LEFTSQUARE left_elem_list . RIGHTSQUARE  (82)

	RIGHTSQUARE  shift 264
	.  error


state 258
	tab_access : cur_position IDENTIFIER selector .  (83)

	.  reduce 83


state 259
	body_end : cur_position SEMICOLON .  (6)

	.  reduce 6


state 260
	leftelemlist_left_elem_list_comma63 : cur_position COMMA left_elem . leftelemlist_left_elem_list_comma63  (108)
	cur_position : .  (3)

	.  reduce 3

	leftelemlist_left_elem_list_comma63  goto 265
	cur_position  goto 237


state 261
	exp : exp . ARROW exp  (24)
	exp : exp . WHEN exp  (25)
	exp : exp . OR exp  (26)
	exp : exp . XOR exp  (27)
	exp : exp . AND exp  (28)
	exp : exp . IMPLIES exp  (29)
	exp : exp . EQUALS exp  (30)
	exp : exp . DIAMOND exp  (31)
	exp : exp . LESSTHAN exp  (32)
	exp : exp . GREATERTHAN exp  (33)
	exp : exp . LTEQUALS exp  (34)
	exp : exp . GTEQUALS exp  (35)
	exp : exp . PLUS exp  (36)
	exp : exp . MINUS exp  (37)
	exp : exp . STAR exp  (38)
	exp : exp . SLASH exp  (39)
	exp : exp . DIV exp  (40)
	exp : exp . MOD exp  (41)
	exp : exp . UPCARAT exp  (42)
	exp : exp . PIPE exp  (43)
	exp : exp . LEFTSQUARE exp sel_sub RIGHTSQUARE  (44)
	selector : cur_position LEFTSQUARE exp . sel_sub RIGHTSQUARE  (81)
	cur_position : .  (3)

	AND  shift 77
	ARROW  shift 78
	DIAMOND  shift 79
	DIV  shift 80
	EQUALS  shift 81
	GREATERTHAN  shift 82
	GTEQUALS  shift 83
	IMPLIES  shift 84
	LEFTSQUARE  shift 85
	LESSTHAN  shift 86
	LTEQUALS  shift 87
	MINUS  shift 88
	MOD  shift 89
	OR  shift 90
	PIPE  shift 91
	PLUS  shift 92
	SLASH  shift 93
	STAR  shift 94
	UPCARAT  shift 95
	WHEN  shift 96
	XOR  shift 97
	DOTDOT  reduce 3
	RIGHTSQUARE  reduce 3

	sel_sub  goto 266
	selsub_sel_sub_dotdot88  goto 168
	cur_position  goto 169


state 262
	equation : cur_position KINDCOMM IDENTIFIER COLON . equation2_equation_exp11  (12)
	cur_position : .  (3)

	.  reduce 3

	equation2_equation_exp11  goto 267
	exp  goto 268
	cur_position  goto 269


state 263
	left_part : cur_position LEFTPAREN left_elem_list RIGHTPAREN .  (61)

	.  reduce 61


state 264
	struct_filter : cur_position LEFTSQUARE left_elem_list RIGHTSQUARE .  (82)

	.  reduce 82


state 265
	leftelemlist_left_elem_list_comma63 : cur_position COMMA left_elem leftelemlist_left_elem_list_comma63 .  (108)

	.  reduce 108


state 266
	selector : cur_position LEFTSQUARE exp sel_sub . RIGHTSQUARE  (81)

	RIGHTSQUARE  shift 270
	.  error


state 267
	equation : cur_position KINDCOMM IDENTIFIER COLON equation2_equation_exp11 .  (12)

	.  reduce 12


state 268
	exp : exp . ARROW exp  (24)
	exp : exp . WHEN exp  (25)
	exp : exp . OR exp  (26)
	exp : exp . XOR exp  (27)
	exp : exp . AND exp  (28)
	exp : exp . IMPLIES exp  (29)
	exp : exp . EQUALS exp  (30)
	exp : exp . DIAMOND exp  (31)
	exp : exp . LESSTHAN exp  (32)
	exp : exp . GREATERTHAN exp  (33)
	exp : exp . LTEQUALS exp  (34)
	exp : exp . GTEQUALS exp  (35)
	exp : exp . PLUS exp  (36)
	exp : exp . MINUS exp  (37)
	exp : exp . STAR exp  (38)
	exp : exp . SLASH exp  (39)
	exp : exp . DIV exp  (40)
	exp : exp . MOD exp  (41)
	exp : exp . UPCARAT exp  (42)
	exp : exp . PIPE exp  (43)
	exp : exp . LEFTSQUARE exp sel_sub RIGHTSQUARE  (44)
	equation2_equation_exp11 : exp .  (121)

	AND  shift 77
	ARROW  shift 78
	DIAMOND  shift 79
	DIV  shift 80
	EQUALS  shift 81
	GREATERTHAN  shift 82
	GTEQUALS  shift 83
	IMPLIES  shift 84
	LEFTSQUARE  shift 85
	LESSTHAN  shift 86
	LTEQUALS  shift 87
	MINUS  shift 88
	MOD  shift 89
	OR  shift 90
	PIPE  shift 91
	PLUS  shift 92
	SLASH  shift 93
	STAR  shift 94
	UPCARAT  shift 95
	WHEN  shift 96
	XOR  shift 97
	SEMICOLON  reduce 121


state 269
	exp : cur_position . INTEGER  (14)
	exp : cur_position . REAL  (15)
	exp : cur_position . IDENTIFIER  (16)
	exp : cur_position . IDENTIFIER LEFTPAREN exp_list RIGHTPAREN  (17)
	exp : cur_position . LEFTPAREN exp_list RIGHTPAREN  (18)
	exp : cur_position . LEFTSQUARE exp_list RIGHTSQUARE  (19)
	exp : cur_position . NOT exp  (20)
	exp : cur_position . MINUS exp  (21)
	exp : cur_position . PRE exp  (22)
	exp : cur_position . CURRENT exp  (23)
	exp : cur_position . IF exp THEN exp ELSE exp  (45)
	exp : cur_position . WITH exp THEN exp ELSE exp  (46)
	exp : cur_position . POUND LEFTPAREN exp_list RIGHTPAREN  (47)
	equation2_equation_exp11 : cur_position .  (122)

	CURRENT  shift 98
	IF  shift 99
	LEFTPAREN  shift 100
	LEFTSQUARE  shift 101
	MINUS  shift 102
	NOT  shift 103
	POUND  shift 104
	PRE  shift 105
	WITH  shift 106
	IDENTIFIER  shift 107
	INTEGER  shift 108
	REAL  shift 109
	SEMICOLON  reduce 122


state 270
	selector : cur_position LEFTSQUARE exp sel_sub RIGHTSQUARE .  (81)

	.  reduce 81


57 terminals, 58 nonterminals
126 grammar rules, 271 states
